============================= test session starts =============================
platform win32 -- Python 3.11.8, pytest-8.3.5, pluggy-1.6.0
rootdir: C:\Users\andre\projects\railway-pg-test
plugins: cov-6.2.1
collected 107 items

tests\test_activity_dao.py FF..F                                         [  4%]
tests\test_activity_routes.py .......                                    [ 11%]
tests\test_activity_service.py ........                                  [ 18%]
tests\test_app.py .....                                                  [ 23%]
tests\test_athlete_dao.py E                                              [ 24%]
tests\test_auth.py F...                                                  [ 28%]
tests\test_auth_routes.py ...FF.F......                                  [ 40%]
tests\test_enrichment_with_splits.py E                                   [ 41%]
tests\test_extract_hr_zone_percentages.py ....                           [ 44%]
tests\test_full_ingestion_flow.py E                                      [ 45%]
tests\test_health.py .                                                   [ 46%]
tests\test_ingestion_orchestrator.py ..F.F                               [ 51%]
tests\test_integration_ingestion.py E                                    [ 52%]
tests\test_jwt_utils.py ........                                         [ 59%]
tests\test_main_pipeline.py F...                                         [ 63%]
tests\test_oauth_flow.py .F.F                                            [ 67%]
tests\test_split_dao.py E                                                [ 68%]
tests\test_split_upsert_idempotency.py E                                 [ 69%]
tests\test_splits.py .F.F                                                [ 72%]
tests\test_strava_access_service.py .........                            [ 81%]
tests\test_sync.py F                                                     [ 82%]
tests\test_token_service.py ......FFFFFFFFFFFFF                          [100%]

=================================== ERRORS ====================================
________________ ERROR at setup of test_insert_and_get_athlete ________________

self = <sqlalchemy.engine.base.Connection object at 0x000001E8AF319890>
engine = Engine(postgresql+psycopg2://smartcoach:***@localhost:15432/smartcoach)
connection = None, _has_events = None, _allow_revalidate = True
_allow_autobegin = True

    def __init__(
        self,
        engine: Engine,
        connection: Optional[PoolProxiedConnection] = None,
        _has_events: Optional[bool] = None,
        _allow_revalidate: bool = True,
        _allow_autobegin: bool = True,
    ):
        """Construct a new Connection."""
        self.engine = engine
        self.dialect = dialect = engine.dialect
    
        if connection is None:
            try:
>               self._dbapi_connection = engine.raw_connection()

venv\Lib\site-packages\sqlalchemy\engine\base.py:145: 
_ _ _ _ _ _ _ _ _ _ _ _ _ _ _ _ _ _ _ _ _ _ _ _ _ _ _ _ _ _ _ _ _ _ _ _ _ _ _ _
venv\Lib\site-packages\sqlalchemy\engine\base.py:3297: in raw_connection
    return self.pool.connect()
venv\Lib\site-packages\sqlalchemy\pool\base.py:449: in connect
    return _ConnectionFairy._checkout(self)
venv\Lib\site-packages\sqlalchemy\pool\base.py:1264: in _checkout
    fairy = _ConnectionRecord.checkout(pool)
venv\Lib\site-packages\sqlalchemy\pool\base.py:713: in checkout
    rec = pool._do_get()
venv\Lib\site-packages\sqlalchemy\pool\impl.py:179: in _do_get
    with util.safe_reraise():
venv\Lib\site-packages\sqlalchemy\util\langhelpers.py:224: in __exit__
    raise exc_value.with_traceback(exc_tb)
venv\Lib\site-packages\sqlalchemy\pool\impl.py:177: in _do_get
    return self._create_connection()
venv\Lib\site-packages\sqlalchemy\pool\base.py:390: in _create_connection
    return _ConnectionRecord(self)
venv\Lib\site-packages\sqlalchemy\pool\base.py:675: in __init__
    self.__connect()
venv\Lib\site-packages\sqlalchemy\pool\base.py:901: in __connect
    with util.safe_reraise():
venv\Lib\site-packages\sqlalchemy\util\langhelpers.py:224: in __exit__
    raise exc_value.with_traceback(exc_tb)
venv\Lib\site-packages\sqlalchemy\pool\base.py:897: in __connect
    self.dbapi_connection = connection = pool._invoke_creator(self)
venv\Lib\site-packages\sqlalchemy\engine\create.py:646: in connect
    return dialect.connect(*cargs, **cparams)
venv\Lib\site-packages\sqlalchemy\engine\default.py:625: in connect
    return self.loaded_dbapi.connect(*cargs, **cparams)  # type: ignore[no-any-return]  # NOQA: E501
_ _ _ _ _ _ _ _ _ _ _ _ _ _ _ _ _ _ _ _ _ _ _ _ _ _ _ _ _ _ _ _ _ _ _ _ _ _ _ _

dsn = 'host=localhost dbname=smartcoach user=smartcoach password=devpass port=15432'
connection_factory = None, cursor_factory = None
kwargs = {'dbname': 'smartcoach', 'host': 'localhost', 'password': 'devpass', 'port': 15432, ...}
kwasync = {}

    def connect(dsn=None, connection_factory=None, cursor_factory=None, **kwargs):
        """
        Create a new database connection.
    
        The connection parameters can be specified as a string:
    
            conn = psycopg2.connect("dbname=test user=postgres password=secret")
    
        or using a set of keyword arguments:
    
            conn = psycopg2.connect(database="test", user="postgres", password="secret")
    
        Or as a mix of both. The basic connection parameters are:
    
        - *dbname*: the database name
        - *database*: the database name (only as keyword argument)
        - *user*: user name used to authenticate
        - *password*: password used to authenticate
        - *host*: database host address (defaults to UNIX socket if not provided)
        - *port*: connection port number (defaults to 5432 if not provided)
    
        Using the *connection_factory* parameter a different class or connections
        factory can be specified. It should be a callable object taking a dsn
        argument.
    
        Using the *cursor_factory* parameter, a new default cursor factory will be
        used by cursor().
    
        Using *async*=True an asynchronous connection will be created. *async_* is
        a valid alias (for Python versions where ``async`` is a keyword).
    
        Any other keyword parameter will be passed to the underlying client
        library: the list of supported parameters depends on the library version.
    
        """
        kwasync = {}
        if 'async' in kwargs:
            kwasync['async'] = kwargs.pop('async')
        if 'async_' in kwargs:
            kwasync['async_'] = kwargs.pop('async_')
    
        dsn = _ext.make_dsn(dsn, **kwargs)
>       conn = _connect(dsn, connection_factory=connection_factory, **kwasync)
E       psycopg2.OperationalError: connection to server at "localhost" (::1), port 15432 failed: Connection refused (0x0000274D/10061)
E       	Is the server running on that host and accepting TCP/IP connections?
E       connection to server at "localhost" (127.0.0.1), port 15432 failed: Connection refused (0x0000274D/10061)
E       	Is the server running on that host and accepting TCP/IP connections?

venv\Lib\site-packages\psycopg2\__init__.py:122: OperationalError

The above exception was the direct cause of the following exception:

shared_engine = Engine(postgresql+psycopg2://smartcoach:***@localhost:15432/smartcoach)

    @pytest.fixture(scope="function")
    def sqlalchemy_session(shared_engine):
>       connection = shared_engine.connect()

tests\conftest.py:60: 
_ _ _ _ _ _ _ _ _ _ _ _ _ _ _ _ _ _ _ _ _ _ _ _ _ _ _ _ _ _ _ _ _ _ _ _ _ _ _ _
venv\Lib\site-packages\sqlalchemy\engine\base.py:3273: in connect
    return self._connection_cls(self)
venv\Lib\site-packages\sqlalchemy\engine\base.py:147: in __init__
    Connection._handle_dbapi_exception_noconnection(
venv\Lib\site-packages\sqlalchemy\engine\base.py:2436: in _handle_dbapi_exception_noconnection
    raise sqlalchemy_exception.with_traceback(exc_info[2]) from e
venv\Lib\site-packages\sqlalchemy\engine\base.py:145: in __init__
    self._dbapi_connection = engine.raw_connection()
venv\Lib\site-packages\sqlalchemy\engine\base.py:3297: in raw_connection
    return self.pool.connect()
venv\Lib\site-packages\sqlalchemy\pool\base.py:449: in connect
    return _ConnectionFairy._checkout(self)
venv\Lib\site-packages\sqlalchemy\pool\base.py:1264: in _checkout
    fairy = _ConnectionRecord.checkout(pool)
venv\Lib\site-packages\sqlalchemy\pool\base.py:713: in checkout
    rec = pool._do_get()
venv\Lib\site-packages\sqlalchemy\pool\impl.py:179: in _do_get
    with util.safe_reraise():
venv\Lib\site-packages\sqlalchemy\util\langhelpers.py:224: in __exit__
    raise exc_value.with_traceback(exc_tb)
venv\Lib\site-packages\sqlalchemy\pool\impl.py:177: in _do_get
    return self._create_connection()
venv\Lib\site-packages\sqlalchemy\pool\base.py:390: in _create_connection
    return _ConnectionRecord(self)
venv\Lib\site-packages\sqlalchemy\pool\base.py:675: in __init__
    self.__connect()
venv\Lib\site-packages\sqlalchemy\pool\base.py:901: in __connect
    with util.safe_reraise():
venv\Lib\site-packages\sqlalchemy\util\langhelpers.py:224: in __exit__
    raise exc_value.with_traceback(exc_tb)
venv\Lib\site-packages\sqlalchemy\pool\base.py:897: in __connect
    self.dbapi_connection = connection = pool._invoke_creator(self)
venv\Lib\site-packages\sqlalchemy\engine\create.py:646: in connect
    return dialect.connect(*cargs, **cparams)
venv\Lib\site-packages\sqlalchemy\engine\default.py:625: in connect
    return self.loaded_dbapi.connect(*cargs, **cparams)  # type: ignore[no-any-return]  # NOQA: E501
_ _ _ _ _ _ _ _ _ _ _ _ _ _ _ _ _ _ _ _ _ _ _ _ _ _ _ _ _ _ _ _ _ _ _ _ _ _ _ _

dsn = 'host=localhost dbname=smartcoach user=smartcoach password=devpass port=15432'
connection_factory = None, cursor_factory = None
kwargs = {'dbname': 'smartcoach', 'host': 'localhost', 'password': 'devpass', 'port': 15432, ...}
kwasync = {}

    def connect(dsn=None, connection_factory=None, cursor_factory=None, **kwargs):
        """
        Create a new database connection.
    
        The connection parameters can be specified as a string:
    
            conn = psycopg2.connect("dbname=test user=postgres password=secret")
    
        or using a set of keyword arguments:
    
            conn = psycopg2.connect(database="test", user="postgres", password="secret")
    
        Or as a mix of both. The basic connection parameters are:
    
        - *dbname*: the database name
        - *database*: the database name (only as keyword argument)
        - *user*: user name used to authenticate
        - *password*: password used to authenticate
        - *host*: database host address (defaults to UNIX socket if not provided)
        - *port*: connection port number (defaults to 5432 if not provided)
    
        Using the *connection_factory* parameter a different class or connections
        factory can be specified. It should be a callable object taking a dsn
        argument.
    
        Using the *cursor_factory* parameter, a new default cursor factory will be
        used by cursor().
    
        Using *async*=True an asynchronous connection will be created. *async_* is
        a valid alias (for Python versions where ``async`` is a keyword).
    
        Any other keyword parameter will be passed to the underlying client
        library: the list of supported parameters depends on the library version.
    
        """
        kwasync = {}
        if 'async' in kwargs:
            kwasync['async'] = kwargs.pop('async')
        if 'async_' in kwargs:
            kwasync['async_'] = kwargs.pop('async_')
    
        dsn = _ext.make_dsn(dsn, **kwargs)
>       conn = _connect(dsn, connection_factory=connection_factory, **kwasync)
E       sqlalchemy.exc.OperationalError: (psycopg2.OperationalError) connection to server at "localhost" (::1), port 15432 failed: Connection refused (0x0000274D/10061)
E       	Is the server running on that host and accepting TCP/IP connections?
E       connection to server at "localhost" (127.0.0.1), port 15432 failed: Connection refused (0x0000274D/10061)
E       	Is the server running on that host and accepting TCP/IP connections?
E       
E       (Background on this error at: https://sqlalche.me/e/20/e3q8)

venv\Lib\site-packages\psycopg2\__init__.py:122: OperationalError
---------------------------- Captured stdout setup ----------------------------
[TEST] Using DATABASE_URL = postgresql+psycopg2://smartcoach:devpass@localhost:15432/smartcoach
___________ ERROR at setup of test_enrich_one_activity_with_splits ____________

self = <sqlalchemy.engine.base.Connection object at 0x000001E8AF212C90>
engine = Engine(postgresql+psycopg2://smartcoach:***@localhost:15432/smartcoach)
connection = None, _has_events = None, _allow_revalidate = True
_allow_autobegin = True

    def __init__(
        self,
        engine: Engine,
        connection: Optional[PoolProxiedConnection] = None,
        _has_events: Optional[bool] = None,
        _allow_revalidate: bool = True,
        _allow_autobegin: bool = True,
    ):
        """Construct a new Connection."""
        self.engine = engine
        self.dialect = dialect = engine.dialect
    
        if connection is None:
            try:
>               self._dbapi_connection = engine.raw_connection()

venv\Lib\site-packages\sqlalchemy\engine\base.py:145: 
_ _ _ _ _ _ _ _ _ _ _ _ _ _ _ _ _ _ _ _ _ _ _ _ _ _ _ _ _ _ _ _ _ _ _ _ _ _ _ _
venv\Lib\site-packages\sqlalchemy\engine\base.py:3297: in raw_connection
    return self.pool.connect()
venv\Lib\site-packages\sqlalchemy\pool\base.py:449: in connect
    return _ConnectionFairy._checkout(self)
venv\Lib\site-packages\sqlalchemy\pool\base.py:1264: in _checkout
    fairy = _ConnectionRecord.checkout(pool)
venv\Lib\site-packages\sqlalchemy\pool\base.py:713: in checkout
    rec = pool._do_get()
venv\Lib\site-packages\sqlalchemy\pool\impl.py:179: in _do_get
    with util.safe_reraise():
venv\Lib\site-packages\sqlalchemy\util\langhelpers.py:224: in __exit__
    raise exc_value.with_traceback(exc_tb)
venv\Lib\site-packages\sqlalchemy\pool\impl.py:177: in _do_get
    return self._create_connection()
venv\Lib\site-packages\sqlalchemy\pool\base.py:390: in _create_connection
    return _ConnectionRecord(self)
venv\Lib\site-packages\sqlalchemy\pool\base.py:675: in __init__
    self.__connect()
venv\Lib\site-packages\sqlalchemy\pool\base.py:901: in __connect
    with util.safe_reraise():
venv\Lib\site-packages\sqlalchemy\util\langhelpers.py:224: in __exit__
    raise exc_value.with_traceback(exc_tb)
venv\Lib\site-packages\sqlalchemy\pool\base.py:897: in __connect
    self.dbapi_connection = connection = pool._invoke_creator(self)
venv\Lib\site-packages\sqlalchemy\engine\create.py:646: in connect
    return dialect.connect(*cargs, **cparams)
venv\Lib\site-packages\sqlalchemy\engine\default.py:625: in connect
    return self.loaded_dbapi.connect(*cargs, **cparams)  # type: ignore[no-any-return]  # NOQA: E501
_ _ _ _ _ _ _ _ _ _ _ _ _ _ _ _ _ _ _ _ _ _ _ _ _ _ _ _ _ _ _ _ _ _ _ _ _ _ _ _

dsn = 'host=localhost dbname=smartcoach user=smartcoach password=devpass port=15432'
connection_factory = None, cursor_factory = None
kwargs = {'dbname': 'smartcoach', 'host': 'localhost', 'password': 'devpass', 'port': 15432, ...}
kwasync = {}

    def connect(dsn=None, connection_factory=None, cursor_factory=None, **kwargs):
        """
        Create a new database connection.
    
        The connection parameters can be specified as a string:
    
            conn = psycopg2.connect("dbname=test user=postgres password=secret")
    
        or using a set of keyword arguments:
    
            conn = psycopg2.connect(database="test", user="postgres", password="secret")
    
        Or as a mix of both. The basic connection parameters are:
    
        - *dbname*: the database name
        - *database*: the database name (only as keyword argument)
        - *user*: user name used to authenticate
        - *password*: password used to authenticate
        - *host*: database host address (defaults to UNIX socket if not provided)
        - *port*: connection port number (defaults to 5432 if not provided)
    
        Using the *connection_factory* parameter a different class or connections
        factory can be specified. It should be a callable object taking a dsn
        argument.
    
        Using the *cursor_factory* parameter, a new default cursor factory will be
        used by cursor().
    
        Using *async*=True an asynchronous connection will be created. *async_* is
        a valid alias (for Python versions where ``async`` is a keyword).
    
        Any other keyword parameter will be passed to the underlying client
        library: the list of supported parameters depends on the library version.
    
        """
        kwasync = {}
        if 'async' in kwargs:
            kwasync['async'] = kwargs.pop('async')
        if 'async_' in kwargs:
            kwasync['async_'] = kwargs.pop('async_')
    
        dsn = _ext.make_dsn(dsn, **kwargs)
>       conn = _connect(dsn, connection_factory=connection_factory, **kwasync)
E       psycopg2.OperationalError: connection to server at "localhost" (::1), port 15432 failed: Connection refused (0x0000274D/10061)
E       	Is the server running on that host and accepting TCP/IP connections?
E       connection to server at "localhost" (127.0.0.1), port 15432 failed: Connection refused (0x0000274D/10061)
E       	Is the server running on that host and accepting TCP/IP connections?

venv\Lib\site-packages\psycopg2\__init__.py:122: OperationalError

The above exception was the direct cause of the following exception:

shared_engine = Engine(postgresql+psycopg2://smartcoach:***@localhost:15432/smartcoach)

    @pytest.fixture(scope="function")
    def sqlalchemy_session(shared_engine):
>       connection = shared_engine.connect()

tests\conftest.py:60: 
_ _ _ _ _ _ _ _ _ _ _ _ _ _ _ _ _ _ _ _ _ _ _ _ _ _ _ _ _ _ _ _ _ _ _ _ _ _ _ _
venv\Lib\site-packages\sqlalchemy\engine\base.py:3273: in connect
    return self._connection_cls(self)
venv\Lib\site-packages\sqlalchemy\engine\base.py:147: in __init__
    Connection._handle_dbapi_exception_noconnection(
venv\Lib\site-packages\sqlalchemy\engine\base.py:2436: in _handle_dbapi_exception_noconnection
    raise sqlalchemy_exception.with_traceback(exc_info[2]) from e
venv\Lib\site-packages\sqlalchemy\engine\base.py:145: in __init__
    self._dbapi_connection = engine.raw_connection()
venv\Lib\site-packages\sqlalchemy\engine\base.py:3297: in raw_connection
    return self.pool.connect()
venv\Lib\site-packages\sqlalchemy\pool\base.py:449: in connect
    return _ConnectionFairy._checkout(self)
venv\Lib\site-packages\sqlalchemy\pool\base.py:1264: in _checkout
    fairy = _ConnectionRecord.checkout(pool)
venv\Lib\site-packages\sqlalchemy\pool\base.py:713: in checkout
    rec = pool._do_get()
venv\Lib\site-packages\sqlalchemy\pool\impl.py:179: in _do_get
    with util.safe_reraise():
venv\Lib\site-packages\sqlalchemy\util\langhelpers.py:224: in __exit__
    raise exc_value.with_traceback(exc_tb)
venv\Lib\site-packages\sqlalchemy\pool\impl.py:177: in _do_get
    return self._create_connection()
venv\Lib\site-packages\sqlalchemy\pool\base.py:390: in _create_connection
    return _ConnectionRecord(self)
venv\Lib\site-packages\sqlalchemy\pool\base.py:675: in __init__
    self.__connect()
venv\Lib\site-packages\sqlalchemy\pool\base.py:901: in __connect
    with util.safe_reraise():
venv\Lib\site-packages\sqlalchemy\util\langhelpers.py:224: in __exit__
    raise exc_value.with_traceback(exc_tb)
venv\Lib\site-packages\sqlalchemy\pool\base.py:897: in __connect
    self.dbapi_connection = connection = pool._invoke_creator(self)
venv\Lib\site-packages\sqlalchemy\engine\create.py:646: in connect
    return dialect.connect(*cargs, **cparams)
venv\Lib\site-packages\sqlalchemy\engine\default.py:625: in connect
    return self.loaded_dbapi.connect(*cargs, **cparams)  # type: ignore[no-any-return]  # NOQA: E501
_ _ _ _ _ _ _ _ _ _ _ _ _ _ _ _ _ _ _ _ _ _ _ _ _ _ _ _ _ _ _ _ _ _ _ _ _ _ _ _

dsn = 'host=localhost dbname=smartcoach user=smartcoach password=devpass port=15432'
connection_factory = None, cursor_factory = None
kwargs = {'dbname': 'smartcoach', 'host': 'localhost', 'password': 'devpass', 'port': 15432, ...}
kwasync = {}

    def connect(dsn=None, connection_factory=None, cursor_factory=None, **kwargs):
        """
        Create a new database connection.
    
        The connection parameters can be specified as a string:
    
            conn = psycopg2.connect("dbname=test user=postgres password=secret")
    
        or using a set of keyword arguments:
    
            conn = psycopg2.connect(database="test", user="postgres", password="secret")
    
        Or as a mix of both. The basic connection parameters are:
    
        - *dbname*: the database name
        - *database*: the database name (only as keyword argument)
        - *user*: user name used to authenticate
        - *password*: password used to authenticate
        - *host*: database host address (defaults to UNIX socket if not provided)
        - *port*: connection port number (defaults to 5432 if not provided)
    
        Using the *connection_factory* parameter a different class or connections
        factory can be specified. It should be a callable object taking a dsn
        argument.
    
        Using the *cursor_factory* parameter, a new default cursor factory will be
        used by cursor().
    
        Using *async*=True an asynchronous connection will be created. *async_* is
        a valid alias (for Python versions where ``async`` is a keyword).
    
        Any other keyword parameter will be passed to the underlying client
        library: the list of supported parameters depends on the library version.
    
        """
        kwasync = {}
        if 'async' in kwargs:
            kwasync['async'] = kwargs.pop('async')
        if 'async_' in kwargs:
            kwasync['async_'] = kwargs.pop('async_')
    
        dsn = _ext.make_dsn(dsn, **kwargs)
>       conn = _connect(dsn, connection_factory=connection_factory, **kwasync)
E       sqlalchemy.exc.OperationalError: (psycopg2.OperationalError) connection to server at "localhost" (::1), port 15432 failed: Connection refused (0x0000274D/10061)
E       	Is the server running on that host and accepting TCP/IP connections?
E       connection to server at "localhost" (127.0.0.1), port 15432 failed: Connection refused (0x0000274D/10061)
E       	Is the server running on that host and accepting TCP/IP connections?
E       
E       (Background on this error at: https://sqlalche.me/e/20/e3q8)

venv\Lib\site-packages\psycopg2\__init__.py:122: OperationalError
_______________ ERROR at setup of test_run_full_ingestion_flow ________________

self = <sqlalchemy.engine.base.Connection object at 0x000001E8AFC327D0>
engine = Engine(postgresql+psycopg2://smartcoach:***@localhost:15432/smartcoach)
connection = None, _has_events = None, _allow_revalidate = True
_allow_autobegin = True

    def __init__(
        self,
        engine: Engine,
        connection: Optional[PoolProxiedConnection] = None,
        _has_events: Optional[bool] = None,
        _allow_revalidate: bool = True,
        _allow_autobegin: bool = True,
    ):
        """Construct a new Connection."""
        self.engine = engine
        self.dialect = dialect = engine.dialect
    
        if connection is None:
            try:
>               self._dbapi_connection = engine.raw_connection()

venv\Lib\site-packages\sqlalchemy\engine\base.py:145: 
_ _ _ _ _ _ _ _ _ _ _ _ _ _ _ _ _ _ _ _ _ _ _ _ _ _ _ _ _ _ _ _ _ _ _ _ _ _ _ _
venv\Lib\site-packages\sqlalchemy\engine\base.py:3297: in raw_connection
    return self.pool.connect()
venv\Lib\site-packages\sqlalchemy\pool\base.py:449: in connect
    return _ConnectionFairy._checkout(self)
venv\Lib\site-packages\sqlalchemy\pool\base.py:1264: in _checkout
    fairy = _ConnectionRecord.checkout(pool)
venv\Lib\site-packages\sqlalchemy\pool\base.py:713: in checkout
    rec = pool._do_get()
venv\Lib\site-packages\sqlalchemy\pool\impl.py:179: in _do_get
    with util.safe_reraise():
venv\Lib\site-packages\sqlalchemy\util\langhelpers.py:224: in __exit__
    raise exc_value.with_traceback(exc_tb)
venv\Lib\site-packages\sqlalchemy\pool\impl.py:177: in _do_get
    return self._create_connection()
venv\Lib\site-packages\sqlalchemy\pool\base.py:390: in _create_connection
    return _ConnectionRecord(self)
venv\Lib\site-packages\sqlalchemy\pool\base.py:675: in __init__
    self.__connect()
venv\Lib\site-packages\sqlalchemy\pool\base.py:901: in __connect
    with util.safe_reraise():
venv\Lib\site-packages\sqlalchemy\util\langhelpers.py:224: in __exit__
    raise exc_value.with_traceback(exc_tb)
venv\Lib\site-packages\sqlalchemy\pool\base.py:897: in __connect
    self.dbapi_connection = connection = pool._invoke_creator(self)
venv\Lib\site-packages\sqlalchemy\engine\create.py:646: in connect
    return dialect.connect(*cargs, **cparams)
venv\Lib\site-packages\sqlalchemy\engine\default.py:625: in connect
    return self.loaded_dbapi.connect(*cargs, **cparams)  # type: ignore[no-any-return]  # NOQA: E501
_ _ _ _ _ _ _ _ _ _ _ _ _ _ _ _ _ _ _ _ _ _ _ _ _ _ _ _ _ _ _ _ _ _ _ _ _ _ _ _

dsn = 'host=localhost dbname=smartcoach user=smartcoach password=devpass port=15432'
connection_factory = None, cursor_factory = None
kwargs = {'dbname': 'smartcoach', 'host': 'localhost', 'password': 'devpass', 'port': 15432, ...}
kwasync = {}

    def connect(dsn=None, connection_factory=None, cursor_factory=None, **kwargs):
        """
        Create a new database connection.
    
        The connection parameters can be specified as a string:
    
            conn = psycopg2.connect("dbname=test user=postgres password=secret")
    
        or using a set of keyword arguments:
    
            conn = psycopg2.connect(database="test", user="postgres", password="secret")
    
        Or as a mix of both. The basic connection parameters are:
    
        - *dbname*: the database name
        - *database*: the database name (only as keyword argument)
        - *user*: user name used to authenticate
        - *password*: password used to authenticate
        - *host*: database host address (defaults to UNIX socket if not provided)
        - *port*: connection port number (defaults to 5432 if not provided)
    
        Using the *connection_factory* parameter a different class or connections
        factory can be specified. It should be a callable object taking a dsn
        argument.
    
        Using the *cursor_factory* parameter, a new default cursor factory will be
        used by cursor().
    
        Using *async*=True an asynchronous connection will be created. *async_* is
        a valid alias (for Python versions where ``async`` is a keyword).
    
        Any other keyword parameter will be passed to the underlying client
        library: the list of supported parameters depends on the library version.
    
        """
        kwasync = {}
        if 'async' in kwargs:
            kwasync['async'] = kwargs.pop('async')
        if 'async_' in kwargs:
            kwasync['async_'] = kwargs.pop('async_')
    
        dsn = _ext.make_dsn(dsn, **kwargs)
>       conn = _connect(dsn, connection_factory=connection_factory, **kwasync)
E       psycopg2.OperationalError: connection to server at "localhost" (::1), port 15432 failed: Connection refused (0x0000274D/10061)
E       	Is the server running on that host and accepting TCP/IP connections?
E       connection to server at "localhost" (127.0.0.1), port 15432 failed: Connection refused (0x0000274D/10061)
E       	Is the server running on that host and accepting TCP/IP connections?

venv\Lib\site-packages\psycopg2\__init__.py:122: OperationalError

The above exception was the direct cause of the following exception:

test_session = <sqlalchemy.orm.session.Session object at 0x000001E8AF300650>

    @pytest.fixture(scope="function")
    def seeded_token(test_session):
        token = Token(
            athlete_id=1,
            access_token="mock_access",
            refresh_token="mock_refresh",
            expires_at=int((datetime.utcnow() + timedelta(hours=1)).timestamp())
        )
        test_session.add(token)
>       test_session.commit()

tests\test_full_ingestion_flow.py:27: 
_ _ _ _ _ _ _ _ _ _ _ _ _ _ _ _ _ _ _ _ _ _ _ _ _ _ _ _ _ _ _ _ _ _ _ _ _ _ _ _
venv\Lib\site-packages\sqlalchemy\orm\session.py:2032: in commit
    trans.commit(_to_root=True)
<string>:2: in commit
    ???
venv\Lib\site-packages\sqlalchemy\orm\state_changes.py:139: in _go
    ret_value = fn(self, *arg, **kw)
venv\Lib\site-packages\sqlalchemy\orm\session.py:1313: in commit
    self._prepare_impl()
<string>:2: in _prepare_impl
    ???
venv\Lib\site-packages\sqlalchemy\orm\state_changes.py:139: in _go
    ret_value = fn(self, *arg, **kw)
venv\Lib\site-packages\sqlalchemy\orm\session.py:1288: in _prepare_impl
    self.session.flush()
venv\Lib\site-packages\sqlalchemy\orm\session.py:4345: in flush
    self._flush(objects)
venv\Lib\site-packages\sqlalchemy\orm\session.py:4480: in _flush
    with util.safe_reraise():
venv\Lib\site-packages\sqlalchemy\util\langhelpers.py:224: in __exit__
    raise exc_value.with_traceback(exc_tb)
venv\Lib\site-packages\sqlalchemy\orm\session.py:4441: in _flush
    flush_context.execute()
venv\Lib\site-packages\sqlalchemy\orm\unitofwork.py:466: in execute
    rec.execute(self)
venv\Lib\site-packages\sqlalchemy\orm\unitofwork.py:642: in execute
    util.preloaded.orm_persistence.save_obj(
venv\Lib\site-packages\sqlalchemy\orm\persistence.py:60: in save_obj
    for (
venv\Lib\site-packages\sqlalchemy\orm\persistence.py:223: in _organize_states_for_save
    for state, dict_, mapper, connection in _connections_for_states(
venv\Lib\site-packages\sqlalchemy\orm\persistence.py:1753: in _connections_for_states
    connection = uowtransaction.transaction.connection(base_mapper)
<string>:2: in connection
    ???
venv\Lib\site-packages\sqlalchemy\orm\state_changes.py:139: in _go
    ret_value = fn(self, *arg, **kw)
venv\Lib\site-packages\sqlalchemy\orm\session.py:1039: in connection
    return self._connection_for_bind(bind, execution_options)
<string>:2: in _connection_for_bind
    ???
venv\Lib\site-packages\sqlalchemy\orm\state_changes.py:139: in _go
    ret_value = fn(self, *arg, **kw)
venv\Lib\site-packages\sqlalchemy\orm\session.py:1175: in _connection_for_bind
    conn = self._parent._connection_for_bind(
<string>:2: in _connection_for_bind
    ???
venv\Lib\site-packages\sqlalchemy\orm\state_changes.py:139: in _go
    ret_value = fn(self, *arg, **kw)
venv\Lib\site-packages\sqlalchemy\orm\session.py:1189: in _connection_for_bind
    conn = bind.connect()
venv\Lib\site-packages\sqlalchemy\engine\base.py:3273: in connect
    return self._connection_cls(self)
venv\Lib\site-packages\sqlalchemy\engine\base.py:147: in __init__
    Connection._handle_dbapi_exception_noconnection(
venv\Lib\site-packages\sqlalchemy\engine\base.py:2436: in _handle_dbapi_exception_noconnection
    raise sqlalchemy_exception.with_traceback(exc_info[2]) from e
venv\Lib\site-packages\sqlalchemy\engine\base.py:145: in __init__
    self._dbapi_connection = engine.raw_connection()
venv\Lib\site-packages\sqlalchemy\engine\base.py:3297: in raw_connection
    return self.pool.connect()
venv\Lib\site-packages\sqlalchemy\pool\base.py:449: in connect
    return _ConnectionFairy._checkout(self)
venv\Lib\site-packages\sqlalchemy\pool\base.py:1264: in _checkout
    fairy = _ConnectionRecord.checkout(pool)
venv\Lib\site-packages\sqlalchemy\pool\base.py:713: in checkout
    rec = pool._do_get()
venv\Lib\site-packages\sqlalchemy\pool\impl.py:179: in _do_get
    with util.safe_reraise():
venv\Lib\site-packages\sqlalchemy\util\langhelpers.py:224: in __exit__
    raise exc_value.with_traceback(exc_tb)
venv\Lib\site-packages\sqlalchemy\pool\impl.py:177: in _do_get
    return self._create_connection()
venv\Lib\site-packages\sqlalchemy\pool\base.py:390: in _create_connection
    return _ConnectionRecord(self)
venv\Lib\site-packages\sqlalchemy\pool\base.py:675: in __init__
    self.__connect()
venv\Lib\site-packages\sqlalchemy\pool\base.py:901: in __connect
    with util.safe_reraise():
venv\Lib\site-packages\sqlalchemy\util\langhelpers.py:224: in __exit__
    raise exc_value.with_traceback(exc_tb)
venv\Lib\site-packages\sqlalchemy\pool\base.py:897: in __connect
    self.dbapi_connection = connection = pool._invoke_creator(self)
venv\Lib\site-packages\sqlalchemy\engine\create.py:646: in connect
    return dialect.connect(*cargs, **cparams)
venv\Lib\site-packages\sqlalchemy\engine\default.py:625: in connect
    return self.loaded_dbapi.connect(*cargs, **cparams)  # type: ignore[no-any-return]  # NOQA: E501
_ _ _ _ _ _ _ _ _ _ _ _ _ _ _ _ _ _ _ _ _ _ _ _ _ _ _ _ _ _ _ _ _ _ _ _ _ _ _ _

dsn = 'host=localhost dbname=smartcoach user=smartcoach password=devpass port=15432'
connection_factory = None, cursor_factory = None
kwargs = {'dbname': 'smartcoach', 'host': 'localhost', 'password': 'devpass', 'port': 15432, ...}
kwasync = {}

    def connect(dsn=None, connection_factory=None, cursor_factory=None, **kwargs):
        """
        Create a new database connection.
    
        The connection parameters can be specified as a string:
    
            conn = psycopg2.connect("dbname=test user=postgres password=secret")
    
        or using a set of keyword arguments:
    
            conn = psycopg2.connect(database="test", user="postgres", password="secret")
    
        Or as a mix of both. The basic connection parameters are:
    
        - *dbname*: the database name
        - *database*: the database name (only as keyword argument)
        - *user*: user name used to authenticate
        - *password*: password used to authenticate
        - *host*: database host address (defaults to UNIX socket if not provided)
        - *port*: connection port number (defaults to 5432 if not provided)
    
        Using the *connection_factory* parameter a different class or connections
        factory can be specified. It should be a callable object taking a dsn
        argument.
    
        Using the *cursor_factory* parameter, a new default cursor factory will be
        used by cursor().
    
        Using *async*=True an asynchronous connection will be created. *async_* is
        a valid alias (for Python versions where ``async`` is a keyword).
    
        Any other keyword parameter will be passed to the underlying client
        library: the list of supported parameters depends on the library version.
    
        """
        kwasync = {}
        if 'async' in kwargs:
            kwasync['async'] = kwargs.pop('async')
        if 'async_' in kwargs:
            kwasync['async_'] = kwargs.pop('async_')
    
        dsn = _ext.make_dsn(dsn, **kwargs)
>       conn = _connect(dsn, connection_factory=connection_factory, **kwasync)
E       sqlalchemy.exc.OperationalError: (psycopg2.OperationalError) connection to server at "localhost" (::1), port 15432 failed: Connection refused (0x0000274D/10061)
E       	Is the server running on that host and accepting TCP/IP connections?
E       connection to server at "localhost" (127.0.0.1), port 15432 failed: Connection refused (0x0000274D/10061)
E       	Is the server running on that host and accepting TCP/IP connections?
E       
E       (Background on this error at: https://sqlalche.me/e/20/e3q8)

venv\Lib\site-packages\psycopg2\__init__.py:122: OperationalError
_________ ERROR at setup of test_ingest_specific_activity_integration _________

self = <sqlalchemy.engine.base.Connection object at 0x000001E8AF2A7DD0>
engine = Engine(postgresql+psycopg2://smartcoach:***@localhost:15432/smartcoach)
connection = None, _has_events = None, _allow_revalidate = True
_allow_autobegin = True

    def __init__(
        self,
        engine: Engine,
        connection: Optional[PoolProxiedConnection] = None,
        _has_events: Optional[bool] = None,
        _allow_revalidate: bool = True,
        _allow_autobegin: bool = True,
    ):
        """Construct a new Connection."""
        self.engine = engine
        self.dialect = dialect = engine.dialect
    
        if connection is None:
            try:
>               self._dbapi_connection = engine.raw_connection()

venv\Lib\site-packages\sqlalchemy\engine\base.py:145: 
_ _ _ _ _ _ _ _ _ _ _ _ _ _ _ _ _ _ _ _ _ _ _ _ _ _ _ _ _ _ _ _ _ _ _ _ _ _ _ _
venv\Lib\site-packages\sqlalchemy\engine\base.py:3297: in raw_connection
    return self.pool.connect()
venv\Lib\site-packages\sqlalchemy\pool\base.py:449: in connect
    return _ConnectionFairy._checkout(self)
venv\Lib\site-packages\sqlalchemy\pool\base.py:1264: in _checkout
    fairy = _ConnectionRecord.checkout(pool)
venv\Lib\site-packages\sqlalchemy\pool\base.py:713: in checkout
    rec = pool._do_get()
venv\Lib\site-packages\sqlalchemy\pool\impl.py:179: in _do_get
    with util.safe_reraise():
venv\Lib\site-packages\sqlalchemy\util\langhelpers.py:224: in __exit__
    raise exc_value.with_traceback(exc_tb)
venv\Lib\site-packages\sqlalchemy\pool\impl.py:177: in _do_get
    return self._create_connection()
venv\Lib\site-packages\sqlalchemy\pool\base.py:390: in _create_connection
    return _ConnectionRecord(self)
venv\Lib\site-packages\sqlalchemy\pool\base.py:675: in __init__
    self.__connect()
venv\Lib\site-packages\sqlalchemy\pool\base.py:901: in __connect
    with util.safe_reraise():
venv\Lib\site-packages\sqlalchemy\util\langhelpers.py:224: in __exit__
    raise exc_value.with_traceback(exc_tb)
venv\Lib\site-packages\sqlalchemy\pool\base.py:897: in __connect
    self.dbapi_connection = connection = pool._invoke_creator(self)
venv\Lib\site-packages\sqlalchemy\engine\create.py:646: in connect
    return dialect.connect(*cargs, **cparams)
venv\Lib\site-packages\sqlalchemy\engine\default.py:625: in connect
    return self.loaded_dbapi.connect(*cargs, **cparams)  # type: ignore[no-any-return]  # NOQA: E501
_ _ _ _ _ _ _ _ _ _ _ _ _ _ _ _ _ _ _ _ _ _ _ _ _ _ _ _ _ _ _ _ _ _ _ _ _ _ _ _

dsn = 'host=localhost dbname=smartcoach user=smartcoach password=devpass port=15432'
connection_factory = None, cursor_factory = None
kwargs = {'dbname': 'smartcoach', 'host': 'localhost', 'password': 'devpass', 'port': 15432, ...}
kwasync = {}

    def connect(dsn=None, connection_factory=None, cursor_factory=None, **kwargs):
        """
        Create a new database connection.
    
        The connection parameters can be specified as a string:
    
            conn = psycopg2.connect("dbname=test user=postgres password=secret")
    
        or using a set of keyword arguments:
    
            conn = psycopg2.connect(database="test", user="postgres", password="secret")
    
        Or as a mix of both. The basic connection parameters are:
    
        - *dbname*: the database name
        - *database*: the database name (only as keyword argument)
        - *user*: user name used to authenticate
        - *password*: password used to authenticate
        - *host*: database host address (defaults to UNIX socket if not provided)
        - *port*: connection port number (defaults to 5432 if not provided)
    
        Using the *connection_factory* parameter a different class or connections
        factory can be specified. It should be a callable object taking a dsn
        argument.
    
        Using the *cursor_factory* parameter, a new default cursor factory will be
        used by cursor().
    
        Using *async*=True an asynchronous connection will be created. *async_* is
        a valid alias (for Python versions where ``async`` is a keyword).
    
        Any other keyword parameter will be passed to the underlying client
        library: the list of supported parameters depends on the library version.
    
        """
        kwasync = {}
        if 'async' in kwargs:
            kwasync['async'] = kwargs.pop('async')
        if 'async_' in kwargs:
            kwasync['async_'] = kwargs.pop('async_')
    
        dsn = _ext.make_dsn(dsn, **kwargs)
>       conn = _connect(dsn, connection_factory=connection_factory, **kwasync)
E       psycopg2.OperationalError: connection to server at "localhost" (::1), port 15432 failed: Connection refused (0x0000274D/10061)
E       	Is the server running on that host and accepting TCP/IP connections?
E       connection to server at "localhost" (127.0.0.1), port 15432 failed: Connection refused (0x0000274D/10061)
E       	Is the server running on that host and accepting TCP/IP connections?

venv\Lib\site-packages\psycopg2\__init__.py:122: OperationalError

The above exception was the direct cause of the following exception:

test_session = <sqlalchemy.orm.session.Session object at 0x000001E8AF2A5E50>

    @pytest.fixture(scope="function")
    def token_fixture(test_session):
        token = Token(
            athlete_id=1,
            access_token="test_token",
            refresh_token="test_refresh",
            expires_at=int((datetime.utcnow() + timedelta(hours=1)).timestamp()),
        )
        test_session.add(token)
>       test_session.commit()

tests\test_integration_ingestion.py:27: 
_ _ _ _ _ _ _ _ _ _ _ _ _ _ _ _ _ _ _ _ _ _ _ _ _ _ _ _ _ _ _ _ _ _ _ _ _ _ _ _
venv\Lib\site-packages\sqlalchemy\orm\session.py:2032: in commit
    trans.commit(_to_root=True)
<string>:2: in commit
    ???
venv\Lib\site-packages\sqlalchemy\orm\state_changes.py:139: in _go
    ret_value = fn(self, *arg, **kw)
venv\Lib\site-packages\sqlalchemy\orm\session.py:1313: in commit
    self._prepare_impl()
<string>:2: in _prepare_impl
    ???
venv\Lib\site-packages\sqlalchemy\orm\state_changes.py:139: in _go
    ret_value = fn(self, *arg, **kw)
venv\Lib\site-packages\sqlalchemy\orm\session.py:1288: in _prepare_impl
    self.session.flush()
venv\Lib\site-packages\sqlalchemy\orm\session.py:4345: in flush
    self._flush(objects)
venv\Lib\site-packages\sqlalchemy\orm\session.py:4480: in _flush
    with util.safe_reraise():
venv\Lib\site-packages\sqlalchemy\util\langhelpers.py:224: in __exit__
    raise exc_value.with_traceback(exc_tb)
venv\Lib\site-packages\sqlalchemy\orm\session.py:4441: in _flush
    flush_context.execute()
venv\Lib\site-packages\sqlalchemy\orm\unitofwork.py:466: in execute
    rec.execute(self)
venv\Lib\site-packages\sqlalchemy\orm\unitofwork.py:642: in execute
    util.preloaded.orm_persistence.save_obj(
venv\Lib\site-packages\sqlalchemy\orm\persistence.py:60: in save_obj
    for (
venv\Lib\site-packages\sqlalchemy\orm\persistence.py:223: in _organize_states_for_save
    for state, dict_, mapper, connection in _connections_for_states(
venv\Lib\site-packages\sqlalchemy\orm\persistence.py:1753: in _connections_for_states
    connection = uowtransaction.transaction.connection(base_mapper)
<string>:2: in connection
    ???
venv\Lib\site-packages\sqlalchemy\orm\state_changes.py:139: in _go
    ret_value = fn(self, *arg, **kw)
venv\Lib\site-packages\sqlalchemy\orm\session.py:1039: in connection
    return self._connection_for_bind(bind, execution_options)
<string>:2: in _connection_for_bind
    ???
venv\Lib\site-packages\sqlalchemy\orm\state_changes.py:139: in _go
    ret_value = fn(self, *arg, **kw)
venv\Lib\site-packages\sqlalchemy\orm\session.py:1175: in _connection_for_bind
    conn = self._parent._connection_for_bind(
<string>:2: in _connection_for_bind
    ???
venv\Lib\site-packages\sqlalchemy\orm\state_changes.py:139: in _go
    ret_value = fn(self, *arg, **kw)
venv\Lib\site-packages\sqlalchemy\orm\session.py:1189: in _connection_for_bind
    conn = bind.connect()
venv\Lib\site-packages\sqlalchemy\engine\base.py:3273: in connect
    return self._connection_cls(self)
venv\Lib\site-packages\sqlalchemy\engine\base.py:147: in __init__
    Connection._handle_dbapi_exception_noconnection(
venv\Lib\site-packages\sqlalchemy\engine\base.py:2436: in _handle_dbapi_exception_noconnection
    raise sqlalchemy_exception.with_traceback(exc_info[2]) from e
venv\Lib\site-packages\sqlalchemy\engine\base.py:145: in __init__
    self._dbapi_connection = engine.raw_connection()
venv\Lib\site-packages\sqlalchemy\engine\base.py:3297: in raw_connection
    return self.pool.connect()
venv\Lib\site-packages\sqlalchemy\pool\base.py:449: in connect
    return _ConnectionFairy._checkout(self)
venv\Lib\site-packages\sqlalchemy\pool\base.py:1264: in _checkout
    fairy = _ConnectionRecord.checkout(pool)
venv\Lib\site-packages\sqlalchemy\pool\base.py:713: in checkout
    rec = pool._do_get()
venv\Lib\site-packages\sqlalchemy\pool\impl.py:179: in _do_get
    with util.safe_reraise():
venv\Lib\site-packages\sqlalchemy\util\langhelpers.py:224: in __exit__
    raise exc_value.with_traceback(exc_tb)
venv\Lib\site-packages\sqlalchemy\pool\impl.py:177: in _do_get
    return self._create_connection()
venv\Lib\site-packages\sqlalchemy\pool\base.py:390: in _create_connection
    return _ConnectionRecord(self)
venv\Lib\site-packages\sqlalchemy\pool\base.py:675: in __init__
    self.__connect()
venv\Lib\site-packages\sqlalchemy\pool\base.py:901: in __connect
    with util.safe_reraise():
venv\Lib\site-packages\sqlalchemy\util\langhelpers.py:224: in __exit__
    raise exc_value.with_traceback(exc_tb)
venv\Lib\site-packages\sqlalchemy\pool\base.py:897: in __connect
    self.dbapi_connection = connection = pool._invoke_creator(self)
venv\Lib\site-packages\sqlalchemy\engine\create.py:646: in connect
    return dialect.connect(*cargs, **cparams)
venv\Lib\site-packages\sqlalchemy\engine\default.py:625: in connect
    return self.loaded_dbapi.connect(*cargs, **cparams)  # type: ignore[no-any-return]  # NOQA: E501
_ _ _ _ _ _ _ _ _ _ _ _ _ _ _ _ _ _ _ _ _ _ _ _ _ _ _ _ _ _ _ _ _ _ _ _ _ _ _ _

dsn = 'host=localhost dbname=smartcoach user=smartcoach password=devpass port=15432'
connection_factory = None, cursor_factory = None
kwargs = {'dbname': 'smartcoach', 'host': 'localhost', 'password': 'devpass', 'port': 15432, ...}
kwasync = {}

    def connect(dsn=None, connection_factory=None, cursor_factory=None, **kwargs):
        """
        Create a new database connection.
    
        The connection parameters can be specified as a string:
    
            conn = psycopg2.connect("dbname=test user=postgres password=secret")
    
        or using a set of keyword arguments:
    
            conn = psycopg2.connect(database="test", user="postgres", password="secret")
    
        Or as a mix of both. The basic connection parameters are:
    
        - *dbname*: the database name
        - *database*: the database name (only as keyword argument)
        - *user*: user name used to authenticate
        - *password*: password used to authenticate
        - *host*: database host address (defaults to UNIX socket if not provided)
        - *port*: connection port number (defaults to 5432 if not provided)
    
        Using the *connection_factory* parameter a different class or connections
        factory can be specified. It should be a callable object taking a dsn
        argument.
    
        Using the *cursor_factory* parameter, a new default cursor factory will be
        used by cursor().
    
        Using *async*=True an asynchronous connection will be created. *async_* is
        a valid alias (for Python versions where ``async`` is a keyword).
    
        Any other keyword parameter will be passed to the underlying client
        library: the list of supported parameters depends on the library version.
    
        """
        kwasync = {}
        if 'async' in kwargs:
            kwasync['async'] = kwargs.pop('async')
        if 'async_' in kwargs:
            kwasync['async_'] = kwargs.pop('async_')
    
        dsn = _ext.make_dsn(dsn, **kwargs)
>       conn = _connect(dsn, connection_factory=connection_factory, **kwasync)
E       sqlalchemy.exc.OperationalError: (psycopg2.OperationalError) connection to server at "localhost" (::1), port 15432 failed: Connection refused (0x0000274D/10061)
E       	Is the server running on that host and accepting TCP/IP connections?
E       connection to server at "localhost" (127.0.0.1), port 15432 failed: Connection refused (0x0000274D/10061)
E       	Is the server running on that host and accepting TCP/IP connections?
E       
E       (Background on this error at: https://sqlalche.me/e/20/e3q8)

venv\Lib\site-packages\psycopg2\__init__.py:122: OperationalError
_________________ ERROR at setup of test_upsert_splits_basic __________________

self = <sqlalchemy.engine.base.Connection object at 0x000001E8AF7F2110>
engine = Engine(postgresql+psycopg2://smartcoach:***@localhost:15432/smartcoach)
connection = None, _has_events = None, _allow_revalidate = True
_allow_autobegin = True

    def __init__(
        self,
        engine: Engine,
        connection: Optional[PoolProxiedConnection] = None,
        _has_events: Optional[bool] = None,
        _allow_revalidate: bool = True,
        _allow_autobegin: bool = True,
    ):
        """Construct a new Connection."""
        self.engine = engine
        self.dialect = dialect = engine.dialect
    
        if connection is None:
            try:
>               self._dbapi_connection = engine.raw_connection()

venv\Lib\site-packages\sqlalchemy\engine\base.py:145: 
_ _ _ _ _ _ _ _ _ _ _ _ _ _ _ _ _ _ _ _ _ _ _ _ _ _ _ _ _ _ _ _ _ _ _ _ _ _ _ _
venv\Lib\site-packages\sqlalchemy\engine\base.py:3297: in raw_connection
    return self.pool.connect()
venv\Lib\site-packages\sqlalchemy\pool\base.py:449: in connect
    return _ConnectionFairy._checkout(self)
venv\Lib\site-packages\sqlalchemy\pool\base.py:1264: in _checkout
    fairy = _ConnectionRecord.checkout(pool)
venv\Lib\site-packages\sqlalchemy\pool\base.py:713: in checkout
    rec = pool._do_get()
venv\Lib\site-packages\sqlalchemy\pool\impl.py:179: in _do_get
    with util.safe_reraise():
venv\Lib\site-packages\sqlalchemy\util\langhelpers.py:224: in __exit__
    raise exc_value.with_traceback(exc_tb)
venv\Lib\site-packages\sqlalchemy\pool\impl.py:177: in _do_get
    return self._create_connection()
venv\Lib\site-packages\sqlalchemy\pool\base.py:390: in _create_connection
    return _ConnectionRecord(self)
venv\Lib\site-packages\sqlalchemy\pool\base.py:675: in __init__
    self.__connect()
venv\Lib\site-packages\sqlalchemy\pool\base.py:901: in __connect
    with util.safe_reraise():
venv\Lib\site-packages\sqlalchemy\util\langhelpers.py:224: in __exit__
    raise exc_value.with_traceback(exc_tb)
venv\Lib\site-packages\sqlalchemy\pool\base.py:897: in __connect
    self.dbapi_connection = connection = pool._invoke_creator(self)
venv\Lib\site-packages\sqlalchemy\engine\create.py:646: in connect
    return dialect.connect(*cargs, **cparams)
venv\Lib\site-packages\sqlalchemy\engine\default.py:625: in connect
    return self.loaded_dbapi.connect(*cargs, **cparams)  # type: ignore[no-any-return]  # NOQA: E501
_ _ _ _ _ _ _ _ _ _ _ _ _ _ _ _ _ _ _ _ _ _ _ _ _ _ _ _ _ _ _ _ _ _ _ _ _ _ _ _

dsn = 'host=localhost dbname=smartcoach user=smartcoach password=devpass port=15432'
connection_factory = None, cursor_factory = None
kwargs = {'dbname': 'smartcoach', 'host': 'localhost', 'password': 'devpass', 'port': 15432, ...}
kwasync = {}

    def connect(dsn=None, connection_factory=None, cursor_factory=None, **kwargs):
        """
        Create a new database connection.
    
        The connection parameters can be specified as a string:
    
            conn = psycopg2.connect("dbname=test user=postgres password=secret")
    
        or using a set of keyword arguments:
    
            conn = psycopg2.connect(database="test", user="postgres", password="secret")
    
        Or as a mix of both. The basic connection parameters are:
    
        - *dbname*: the database name
        - *database*: the database name (only as keyword argument)
        - *user*: user name used to authenticate
        - *password*: password used to authenticate
        - *host*: database host address (defaults to UNIX socket if not provided)
        - *port*: connection port number (defaults to 5432 if not provided)
    
        Using the *connection_factory* parameter a different class or connections
        factory can be specified. It should be a callable object taking a dsn
        argument.
    
        Using the *cursor_factory* parameter, a new default cursor factory will be
        used by cursor().
    
        Using *async*=True an asynchronous connection will be created. *async_* is
        a valid alias (for Python versions where ``async`` is a keyword).
    
        Any other keyword parameter will be passed to the underlying client
        library: the list of supported parameters depends on the library version.
    
        """
        kwasync = {}
        if 'async' in kwargs:
            kwasync['async'] = kwargs.pop('async')
        if 'async_' in kwargs:
            kwasync['async_'] = kwargs.pop('async_')
    
        dsn = _ext.make_dsn(dsn, **kwargs)
>       conn = _connect(dsn, connection_factory=connection_factory, **kwasync)
E       psycopg2.OperationalError: connection to server at "localhost" (::1), port 15432 failed: Connection refused (0x0000274D/10061)
E       	Is the server running on that host and accepting TCP/IP connections?
E       connection to server at "localhost" (127.0.0.1), port 15432 failed: Connection refused (0x0000274D/10061)
E       	Is the server running on that host and accepting TCP/IP connections?

venv\Lib\site-packages\psycopg2\__init__.py:122: OperationalError

The above exception was the direct cause of the following exception:

shared_engine = Engine(postgresql+psycopg2://smartcoach:***@localhost:15432/smartcoach)

    @pytest.fixture(scope="function")
    def sqlalchemy_session(shared_engine):
>       connection = shared_engine.connect()

tests\conftest.py:60: 
_ _ _ _ _ _ _ _ _ _ _ _ _ _ _ _ _ _ _ _ _ _ _ _ _ _ _ _ _ _ _ _ _ _ _ _ _ _ _ _
venv\Lib\site-packages\sqlalchemy\engine\base.py:3273: in connect
    return self._connection_cls(self)
venv\Lib\site-packages\sqlalchemy\engine\base.py:147: in __init__
    Connection._handle_dbapi_exception_noconnection(
venv\Lib\site-packages\sqlalchemy\engine\base.py:2436: in _handle_dbapi_exception_noconnection
    raise sqlalchemy_exception.with_traceback(exc_info[2]) from e
venv\Lib\site-packages\sqlalchemy\engine\base.py:145: in __init__
    self._dbapi_connection = engine.raw_connection()
venv\Lib\site-packages\sqlalchemy\engine\base.py:3297: in raw_connection
    return self.pool.connect()
venv\Lib\site-packages\sqlalchemy\pool\base.py:449: in connect
    return _ConnectionFairy._checkout(self)
venv\Lib\site-packages\sqlalchemy\pool\base.py:1264: in _checkout
    fairy = _ConnectionRecord.checkout(pool)
venv\Lib\site-packages\sqlalchemy\pool\base.py:713: in checkout
    rec = pool._do_get()
venv\Lib\site-packages\sqlalchemy\pool\impl.py:179: in _do_get
    with util.safe_reraise():
venv\Lib\site-packages\sqlalchemy\util\langhelpers.py:224: in __exit__
    raise exc_value.with_traceback(exc_tb)
venv\Lib\site-packages\sqlalchemy\pool\impl.py:177: in _do_get
    return self._create_connection()
venv\Lib\site-packages\sqlalchemy\pool\base.py:390: in _create_connection
    return _ConnectionRecord(self)
venv\Lib\site-packages\sqlalchemy\pool\base.py:675: in __init__
    self.__connect()
venv\Lib\site-packages\sqlalchemy\pool\base.py:901: in __connect
    with util.safe_reraise():
venv\Lib\site-packages\sqlalchemy\util\langhelpers.py:224: in __exit__
    raise exc_value.with_traceback(exc_tb)
venv\Lib\site-packages\sqlalchemy\pool\base.py:897: in __connect
    self.dbapi_connection = connection = pool._invoke_creator(self)
venv\Lib\site-packages\sqlalchemy\engine\create.py:646: in connect
    return dialect.connect(*cargs, **cparams)
venv\Lib\site-packages\sqlalchemy\engine\default.py:625: in connect
    return self.loaded_dbapi.connect(*cargs, **cparams)  # type: ignore[no-any-return]  # NOQA: E501
_ _ _ _ _ _ _ _ _ _ _ _ _ _ _ _ _ _ _ _ _ _ _ _ _ _ _ _ _ _ _ _ _ _ _ _ _ _ _ _

dsn = 'host=localhost dbname=smartcoach user=smartcoach password=devpass port=15432'
connection_factory = None, cursor_factory = None
kwargs = {'dbname': 'smartcoach', 'host': 'localhost', 'password': 'devpass', 'port': 15432, ...}
kwasync = {}

    def connect(dsn=None, connection_factory=None, cursor_factory=None, **kwargs):
        """
        Create a new database connection.
    
        The connection parameters can be specified as a string:
    
            conn = psycopg2.connect("dbname=test user=postgres password=secret")
    
        or using a set of keyword arguments:
    
            conn = psycopg2.connect(database="test", user="postgres", password="secret")
    
        Or as a mix of both. The basic connection parameters are:
    
        - *dbname*: the database name
        - *database*: the database name (only as keyword argument)
        - *user*: user name used to authenticate
        - *password*: password used to authenticate
        - *host*: database host address (defaults to UNIX socket if not provided)
        - *port*: connection port number (defaults to 5432 if not provided)
    
        Using the *connection_factory* parameter a different class or connections
        factory can be specified. It should be a callable object taking a dsn
        argument.
    
        Using the *cursor_factory* parameter, a new default cursor factory will be
        used by cursor().
    
        Using *async*=True an asynchronous connection will be created. *async_* is
        a valid alias (for Python versions where ``async`` is a keyword).
    
        Any other keyword parameter will be passed to the underlying client
        library: the list of supported parameters depends on the library version.
    
        """
        kwasync = {}
        if 'async' in kwargs:
            kwasync['async'] = kwargs.pop('async')
        if 'async_' in kwargs:
            kwasync['async_'] = kwargs.pop('async_')
    
        dsn = _ext.make_dsn(dsn, **kwargs)
>       conn = _connect(dsn, connection_factory=connection_factory, **kwasync)
E       sqlalchemy.exc.OperationalError: (psycopg2.OperationalError) connection to server at "localhost" (::1), port 15432 failed: Connection refused (0x0000274D/10061)
E       	Is the server running on that host and accepting TCP/IP connections?
E       connection to server at "localhost" (127.0.0.1), port 15432 failed: Connection refused (0x0000274D/10061)
E       	Is the server running on that host and accepting TCP/IP connections?
E       
E       (Background on this error at: https://sqlalche.me/e/20/e3q8)

venv\Lib\site-packages\psycopg2\__init__.py:122: OperationalError
______________ ERROR at setup of test_upsert_splits_idempotency _______________

self = <sqlalchemy.engine.base.Connection object at 0x000001E8B118CF90>
engine = Engine(postgresql+psycopg2://smartcoach:***@localhost:15432/smartcoach)
connection = None, _has_events = None, _allow_revalidate = True
_allow_autobegin = True

    def __init__(
        self,
        engine: Engine,
        connection: Optional[PoolProxiedConnection] = None,
        _has_events: Optional[bool] = None,
        _allow_revalidate: bool = True,
        _allow_autobegin: bool = True,
    ):
        """Construct a new Connection."""
        self.engine = engine
        self.dialect = dialect = engine.dialect
    
        if connection is None:
            try:
>               self._dbapi_connection = engine.raw_connection()

venv\Lib\site-packages\sqlalchemy\engine\base.py:145: 
_ _ _ _ _ _ _ _ _ _ _ _ _ _ _ _ _ _ _ _ _ _ _ _ _ _ _ _ _ _ _ _ _ _ _ _ _ _ _ _
venv\Lib\site-packages\sqlalchemy\engine\base.py:3297: in raw_connection
    return self.pool.connect()
venv\Lib\site-packages\sqlalchemy\pool\base.py:449: in connect
    return _ConnectionFairy._checkout(self)
venv\Lib\site-packages\sqlalchemy\pool\base.py:1264: in _checkout
    fairy = _ConnectionRecord.checkout(pool)
venv\Lib\site-packages\sqlalchemy\pool\base.py:713: in checkout
    rec = pool._do_get()
venv\Lib\site-packages\sqlalchemy\pool\impl.py:179: in _do_get
    with util.safe_reraise():
venv\Lib\site-packages\sqlalchemy\util\langhelpers.py:224: in __exit__
    raise exc_value.with_traceback(exc_tb)
venv\Lib\site-packages\sqlalchemy\pool\impl.py:177: in _do_get
    return self._create_connection()
venv\Lib\site-packages\sqlalchemy\pool\base.py:390: in _create_connection
    return _ConnectionRecord(self)
venv\Lib\site-packages\sqlalchemy\pool\base.py:675: in __init__
    self.__connect()
venv\Lib\site-packages\sqlalchemy\pool\base.py:901: in __connect
    with util.safe_reraise():
venv\Lib\site-packages\sqlalchemy\util\langhelpers.py:224: in __exit__
    raise exc_value.with_traceback(exc_tb)
venv\Lib\site-packages\sqlalchemy\pool\base.py:897: in __connect
    self.dbapi_connection = connection = pool._invoke_creator(self)
venv\Lib\site-packages\sqlalchemy\engine\create.py:646: in connect
    return dialect.connect(*cargs, **cparams)
venv\Lib\site-packages\sqlalchemy\engine\default.py:625: in connect
    return self.loaded_dbapi.connect(*cargs, **cparams)  # type: ignore[no-any-return]  # NOQA: E501
_ _ _ _ _ _ _ _ _ _ _ _ _ _ _ _ _ _ _ _ _ _ _ _ _ _ _ _ _ _ _ _ _ _ _ _ _ _ _ _

dsn = 'host=localhost dbname=smartcoach user=smartcoach password=devpass port=15432'
connection_factory = None, cursor_factory = None
kwargs = {'dbname': 'smartcoach', 'host': 'localhost', 'password': 'devpass', 'port': 15432, ...}
kwasync = {}

    def connect(dsn=None, connection_factory=None, cursor_factory=None, **kwargs):
        """
        Create a new database connection.
    
        The connection parameters can be specified as a string:
    
            conn = psycopg2.connect("dbname=test user=postgres password=secret")
    
        or using a set of keyword arguments:
    
            conn = psycopg2.connect(database="test", user="postgres", password="secret")
    
        Or as a mix of both. The basic connection parameters are:
    
        - *dbname*: the database name
        - *database*: the database name (only as keyword argument)
        - *user*: user name used to authenticate
        - *password*: password used to authenticate
        - *host*: database host address (defaults to UNIX socket if not provided)
        - *port*: connection port number (defaults to 5432 if not provided)
    
        Using the *connection_factory* parameter a different class or connections
        factory can be specified. It should be a callable object taking a dsn
        argument.
    
        Using the *cursor_factory* parameter, a new default cursor factory will be
        used by cursor().
    
        Using *async*=True an asynchronous connection will be created. *async_* is
        a valid alias (for Python versions where ``async`` is a keyword).
    
        Any other keyword parameter will be passed to the underlying client
        library: the list of supported parameters depends on the library version.
    
        """
        kwasync = {}
        if 'async' in kwargs:
            kwasync['async'] = kwargs.pop('async')
        if 'async_' in kwargs:
            kwasync['async_'] = kwargs.pop('async_')
    
        dsn = _ext.make_dsn(dsn, **kwargs)
>       conn = _connect(dsn, connection_factory=connection_factory, **kwasync)
E       psycopg2.OperationalError: connection to server at "localhost" (::1), port 15432 failed: Connection refused (0x0000274D/10061)
E       	Is the server running on that host and accepting TCP/IP connections?
E       connection to server at "localhost" (127.0.0.1), port 15432 failed: Connection refused (0x0000274D/10061)
E       	Is the server running on that host and accepting TCP/IP connections?

venv\Lib\site-packages\psycopg2\__init__.py:122: OperationalError

The above exception was the direct cause of the following exception:

shared_engine = Engine(postgresql+psycopg2://smartcoach:***@localhost:15432/smartcoach)

    @pytest.fixture(scope="function")
    def sqlalchemy_session(shared_engine):
>       connection = shared_engine.connect()

tests\conftest.py:60: 
_ _ _ _ _ _ _ _ _ _ _ _ _ _ _ _ _ _ _ _ _ _ _ _ _ _ _ _ _ _ _ _ _ _ _ _ _ _ _ _
venv\Lib\site-packages\sqlalchemy\engine\base.py:3273: in connect
    return self._connection_cls(self)
venv\Lib\site-packages\sqlalchemy\engine\base.py:147: in __init__
    Connection._handle_dbapi_exception_noconnection(
venv\Lib\site-packages\sqlalchemy\engine\base.py:2436: in _handle_dbapi_exception_noconnection
    raise sqlalchemy_exception.with_traceback(exc_info[2]) from e
venv\Lib\site-packages\sqlalchemy\engine\base.py:145: in __init__
    self._dbapi_connection = engine.raw_connection()
venv\Lib\site-packages\sqlalchemy\engine\base.py:3297: in raw_connection
    return self.pool.connect()
venv\Lib\site-packages\sqlalchemy\pool\base.py:449: in connect
    return _ConnectionFairy._checkout(self)
venv\Lib\site-packages\sqlalchemy\pool\base.py:1264: in _checkout
    fairy = _ConnectionRecord.checkout(pool)
venv\Lib\site-packages\sqlalchemy\pool\base.py:713: in checkout
    rec = pool._do_get()
venv\Lib\site-packages\sqlalchemy\pool\impl.py:179: in _do_get
    with util.safe_reraise():
venv\Lib\site-packages\sqlalchemy\util\langhelpers.py:224: in __exit__
    raise exc_value.with_traceback(exc_tb)
venv\Lib\site-packages\sqlalchemy\pool\impl.py:177: in _do_get
    return self._create_connection()
venv\Lib\site-packages\sqlalchemy\pool\base.py:390: in _create_connection
    return _ConnectionRecord(self)
venv\Lib\site-packages\sqlalchemy\pool\base.py:675: in __init__
    self.__connect()
venv\Lib\site-packages\sqlalchemy\pool\base.py:901: in __connect
    with util.safe_reraise():
venv\Lib\site-packages\sqlalchemy\util\langhelpers.py:224: in __exit__
    raise exc_value.with_traceback(exc_tb)
venv\Lib\site-packages\sqlalchemy\pool\base.py:897: in __connect
    self.dbapi_connection = connection = pool._invoke_creator(self)
venv\Lib\site-packages\sqlalchemy\engine\create.py:646: in connect
    return dialect.connect(*cargs, **cparams)
venv\Lib\site-packages\sqlalchemy\engine\default.py:625: in connect
    return self.loaded_dbapi.connect(*cargs, **cparams)  # type: ignore[no-any-return]  # NOQA: E501
_ _ _ _ _ _ _ _ _ _ _ _ _ _ _ _ _ _ _ _ _ _ _ _ _ _ _ _ _ _ _ _ _ _ _ _ _ _ _ _

dsn = 'host=localhost dbname=smartcoach user=smartcoach password=devpass port=15432'
connection_factory = None, cursor_factory = None
kwargs = {'dbname': 'smartcoach', 'host': 'localhost', 'password': 'devpass', 'port': 15432, ...}
kwasync = {}

    def connect(dsn=None, connection_factory=None, cursor_factory=None, **kwargs):
        """
        Create a new database connection.
    
        The connection parameters can be specified as a string:
    
            conn = psycopg2.connect("dbname=test user=postgres password=secret")
    
        or using a set of keyword arguments:
    
            conn = psycopg2.connect(database="test", user="postgres", password="secret")
    
        Or as a mix of both. The basic connection parameters are:
    
        - *dbname*: the database name
        - *database*: the database name (only as keyword argument)
        - *user*: user name used to authenticate
        - *password*: password used to authenticate
        - *host*: database host address (defaults to UNIX socket if not provided)
        - *port*: connection port number (defaults to 5432 if not provided)
    
        Using the *connection_factory* parameter a different class or connections
        factory can be specified. It should be a callable object taking a dsn
        argument.
    
        Using the *cursor_factory* parameter, a new default cursor factory will be
        used by cursor().
    
        Using *async*=True an asynchronous connection will be created. *async_* is
        a valid alias (for Python versions where ``async`` is a keyword).
    
        Any other keyword parameter will be passed to the underlying client
        library: the list of supported parameters depends on the library version.
    
        """
        kwasync = {}
        if 'async' in kwargs:
            kwasync['async'] = kwargs.pop('async')
        if 'async_' in kwargs:
            kwasync['async_'] = kwargs.pop('async_')
    
        dsn = _ext.make_dsn(dsn, **kwargs)
>       conn = _connect(dsn, connection_factory=connection_factory, **kwasync)
E       sqlalchemy.exc.OperationalError: (psycopg2.OperationalError) connection to server at "localhost" (::1), port 15432 failed: Connection refused (0x0000274D/10061)
E       	Is the server running on that host and accepting TCP/IP connections?
E       connection to server at "localhost" (127.0.0.1), port 15432 failed: Connection refused (0x0000274D/10061)
E       	Is the server running on that host and accepting TCP/IP connections?
E       
E       (Background on this error at: https://sqlalche.me/e/20/e3q8)

venv\Lib\site-packages\psycopg2\__init__.py:122: OperationalError
================================== FAILURES ===================================
_______________________ test_get_by_id_returns_activity _______________________

    def test_get_by_id_returns_activity():
        mock_session = MagicMock()
    
        # Setup mocks for the chain: query().filter().first()
        mock_query = mock_session.query
        mock_filter = mock_query.return_value.filter
        mock_first = mock_filter.return_value.first
    
        expected_activity = Activity(activity_id=123)
        mock_first.return_value = expected_activity
    
>       result = ActivityDAO.get_by_id(mock_session, 123)
E       AttributeError: type object 'ActivityDAO' has no attribute 'get_by_id'

tests\test_activity_dao.py:17: AttributeError
_________________________ test_get_by_id_returns_none _________________________

    def test_get_by_id_returns_none():
        mock_session = MagicMock()
        mock_session.query().filter().first.return_value = None
    
>       result = ActivityDAO.get_by_id(mock_session, 999)
E       AttributeError: type object 'ActivityDAO' has no attribute 'get_by_id'

tests\test_activity_dao.py:29: AttributeError
_________________ test_upsert_activities_multiple_activities __________________

mock_convert = <MagicMock name='convert_metrics' id='2098882216464'>

    @patch("src.db.dao.activity_dao.convert_metrics")
    def test_upsert_activities_multiple_activities(mock_convert):
        mock_session = MagicMock()
        mock_convert.return_value = {
            "conv_distance": 100,
            "conv_elevation_feet": 50,
            "conv_avg_speed": 5,
            "conv_max_speed": 10,
            "conv_moving_time": 60,
            "conv_elapsed_time": 65,
        }
    
        activities = [
            {"id": 201, "name": "Ride", "type": "Ride", "distance": 1000, "elapsed_time": 65, "moving_time": 60, "total_elevation_gain": 15},
            {"id": 202, "name": "Swim", "type": "Swim", "distance": 500, "elapsed_time": 35, "moving_time": 30, "total_elevation_gain": 5},
        ]
    
        mock_result = MagicMock()
        mock_result.rowcount = 2
        mock_session.execute.return_value = mock_result
    
        count = ActivityDAO.upsert_activities(mock_session, athlete_id=99, activities=activities)
    
>       assert count == 2
E       assert 0 == 2

tests\test_activity_dao.py:105: AssertionError
---------------------------- Captured stdout call -----------------------------
2025-06-26 16:04:25,923 WARNING \u26a0\ufe0f Skipping non-Run activity 201 \u2014 type=Ride\n2025-06-26 16:04:25,923 WARNING \u26a0\ufe0f Skipping non-Run activity 202 \u2014 type=Swim
------------------------------ Captured log call ------------------------------
WARNING  src.db.dao.activity_dao:activity_dao.py:30 \u26a0\ufe0f Skipping non-Run activity 201 \u2014 type=Ride\nWARNING  src.db.dao.activity_dao:activity_dao.py:30 \u26a0\ufe0f Skipping non-Run activity 202 \u2014 type=Swim
__________________________ test_login_refresh_logout __________________________

mock_refresh = <MagicMock name='refresh_token_static' id='2098884727568'>
client = <FlaskClient <Flask 'src.app'>>

    @patch("src.services.token_service.refresh_token_static")
    def test_login_refresh_logout(mock_refresh, client):
        """Test successful login, token refresh using Authorization header, and logout."""
        mock_refresh.return_value = {
            "access_token": "mocked_access",
            "refresh_token": "mocked_refresh",
            "expires_at": int((datetime.utcnow() + timedelta(hours=1)).timestamp())
        }
    
        # Step 1: Login
        resp = client.post("/auth/login", json={"username": "admin", "password": "secret"})
>       assert resp.status_code == 200
E       assert 401 == 200
E        +  where 401 = <WrapperTestResponse streamed [401 UNAUTHORIZED]>.status_code

tests\test_auth.py:19: AssertionError
---------------------------- Captured stdout setup ----------------------------
\u2705 ENTERED create_app()\n\U0001f4c1 CWD: C:\\Users\\andre\\projects\\railway-pg-test\n\U0001f4c1 Contents of current working dir: ['.coverage', '.dockerignore', '.env', '.env.prod', '.env.test', '.git', '.github', '.gitignore', '.pytest_cache', '.vscode', 'activity_ingestion.log', 'alembic', 'alembic.ini', 'app', 'debug_dumps', 'docker-compose.yml', 'Dockerfile', 'final_project_map.docx', 'htmlcov', 'migrations', 'pytest_log.txt', 'README.md', 'requirements.txt', 'reset_and_init_db.sh', 'run.py', 'src', 'tests', 'test_enrichment_sync.py', 'venv', 'wsgi.py', '__pycache__']\n\U0001f30d FLASK_ENV=testing | IS_LOCAL=True\nDEBUG ENV VARS:\nDATABASE_URL=postgresql+psycopg2://smartcoach:devpass@localhost:15432/smartcoach\nCRON_SECRET_KEY=testcron\nSECRET_KEY=testsecret\nINTERNAL_API_KEY=testinternal\nADMIN_USER=testadmin\nADMIN_PASS=testpass\nSTRAVA_CLIENT_ID=123456\nSTRAVA_CLIENT_SECRET=testsecret\nSTRAVA_REDIRECT_URI=http://localhost:5001/auth/callback\n\U0001f510 ADMIN_USER: testadmin\n\U0001f510 ADMIN_PASS: testpass\n\U0001f510 STRAVA_CLIENT_ID: 123456\n\U0001f510 STRAVA_CLIENT_SECRET: testsecret\n\U0001f510 STRAVA_REDIRECT_URI: http://localhost:5001/auth/callback\n\U0001f4be CONFIG DATABASE_URL: postgresql+psycopg2://smartcoach:devpass@localhost:15432/smartcoach\n\U0001f4be CONFIG DATABASE_URL (from app.config): postgresql+psycopg2://smartcoach:devpass@localhost:15432/smartcoach\n\u2705 Registered routes:\n  /static/<path:filename> -> static\n  /auth/login -> auth.admin_login\n  /auth/login -> auth.strava_login\n  /auth/callback -> auth.callback\n  /auth/refresh/<int:athlete_id> -> auth.refresh_token\n  /auth/logout/<int:athlete_id> -> auth.logout\n  /auth/monitor-tokens -> auth.monitor_tokens\n  /admin/admin/ping -> admin.ping\n  /sync/enrich/status -> activity.enrich_status\n  /sync/enrich/activity/<int:activity_id> -> activity.enrich_single\n  /sync/enrich/batch -> activity.enrich_batch\n  /sync/sync/<int:athlete_id> -> activity.sync_strava_to_db\n  /health -> health.health_check\n  /ping -> ping\n  /db-check -> db_check\n  /startup -> startup
_________________________ test_strava_login_redirect __________________________

args = (), keywargs = {'client': <FlaskClient <Flask 'test_auth_routes'>>}

    @wraps(func)
    def patched(*args, **keywargs):
>       with self.decoration_helper(patched,
                                    args,
                                    keywargs) as (newargs, newkeywargs):

C:\Program Files\WindowsApps\PythonSoftwareFoundation.Python.3.11_3.11.2288.0_x64__qbz5n2kfra8p0\Lib\unittest\mock.py:1372: 
_ _ _ _ _ _ _ _ _ _ _ _ _ _ _ _ _ _ _ _ _ _ _ _ _ _ _ _ _ _ _ _ _ _ _ _ _ _ _ _
C:\Program Files\WindowsApps\PythonSoftwareFoundation.Python.3.11_3.11.2288.0_x64__qbz5n2kfra8p0\Lib\contextlib.py:137: in __enter__
    return next(self.gen)
C:\Program Files\WindowsApps\PythonSoftwareFoundation.Python.3.11_3.11.2288.0_x64__qbz5n2kfra8p0\Lib\unittest\mock.py:1354: in decoration_helper
    arg = exit_stack.enter_context(patching)
C:\Program Files\WindowsApps\PythonSoftwareFoundation.Python.3.11_3.11.2288.0_x64__qbz5n2kfra8p0\Lib\contextlib.py:517: in enter_context
    result = _enter(cm)
C:\Program Files\WindowsApps\PythonSoftwareFoundation.Python.3.11_3.11.2288.0_x64__qbz5n2kfra8p0\Lib\unittest\mock.py:1443: in __enter__
    original, local = self.get_original()
_ _ _ _ _ _ _ _ _ _ _ _ _ _ _ _ _ _ _ _ _ _ _ _ _ _ _ _ _ _ _ _ _ _ _ _ _ _ _ _

self = <unittest.mock._patch object at 0x000001E8AF0D1D90>

    def get_original(self):
        target = self.getter()
        name = self.attribute
    
        original = DEFAULT
        local = False
    
        try:
            original = target.__dict__[name]
        except (AttributeError, KeyError):
            original = getattr(target, name, DEFAULT)
        else:
            local = True
    
        if name in _builtins and isinstance(target, ModuleType):
            self.create = True
    
        if not self.create and original is DEFAULT:
>           raise AttributeError(
                "%s does not have the attribute %r" % (target, name)
            )
E           AttributeError: <module 'src.routes.auth_routes' from 'C:\\Users\\andre\\projects\\railway-pg-test\\src\\routes\\auth_routes.py'> does not have the attribute 'get_authorization_url'

C:\Program Files\WindowsApps\PythonSoftwareFoundation.Python.3.11_3.11.2288.0_x64__qbz5n2kfra8p0\Lib\unittest\mock.py:1416: AttributeError
____________________________ test_callback_success ____________________________

args = (), keywargs = {'client': <FlaskClient <Flask 'test_auth_routes'>>}

    @wraps(func)
    def patched(*args, **keywargs):
>       with self.decoration_helper(patched,
                                    args,
                                    keywargs) as (newargs, newkeywargs):

C:\Program Files\WindowsApps\PythonSoftwareFoundation.Python.3.11_3.11.2288.0_x64__qbz5n2kfra8p0\Lib\unittest\mock.py:1372: 
_ _ _ _ _ _ _ _ _ _ _ _ _ _ _ _ _ _ _ _ _ _ _ _ _ _ _ _ _ _ _ _ _ _ _ _ _ _ _ _
C:\Program Files\WindowsApps\PythonSoftwareFoundation.Python.3.11_3.11.2288.0_x64__qbz5n2kfra8p0\Lib\contextlib.py:137: in __enter__
    return next(self.gen)
C:\Program Files\WindowsApps\PythonSoftwareFoundation.Python.3.11_3.11.2288.0_x64__qbz5n2kfra8p0\Lib\unittest\mock.py:1354: in decoration_helper
    arg = exit_stack.enter_context(patching)
C:\Program Files\WindowsApps\PythonSoftwareFoundation.Python.3.11_3.11.2288.0_x64__qbz5n2kfra8p0\Lib\contextlib.py:517: in enter_context
    result = _enter(cm)
C:\Program Files\WindowsApps\PythonSoftwareFoundation.Python.3.11_3.11.2288.0_x64__qbz5n2kfra8p0\Lib\unittest\mock.py:1443: in __enter__
    original, local = self.get_original()
_ _ _ _ _ _ _ _ _ _ _ _ _ _ _ _ _ _ _ _ _ _ _ _ _ _ _ _ _ _ _ _ _ _ _ _ _ _ _ _

self = <unittest.mock._patch object at 0x000001E8AF0D1FD0>

    def get_original(self):
        target = self.getter()
        name = self.attribute
    
        original = DEFAULT
        local = False
    
        try:
            original = target.__dict__[name]
        except (AttributeError, KeyError):
            original = getattr(target, name, DEFAULT)
        else:
            local = True
    
        if name in _builtins and isinstance(target, ModuleType):
            self.create = True
    
        if not self.create and original is DEFAULT:
>           raise AttributeError(
                "%s does not have the attribute %r" % (target, name)
            )
E           AttributeError: <module 'src.routes.auth_routes' from 'C:\\Users\\andre\\projects\\railway-pg-test\\src\\routes\\auth_routes.py'> does not have the attribute 'store_tokens_from_callback'

C:\Program Files\WindowsApps\PythonSoftwareFoundation.Python.3.11_3.11.2288.0_x64__qbz5n2kfra8p0\Lib\unittest\mock.py:1416: AttributeError
___________________________ test_callback_exception ___________________________

args = (), keywargs = {'client': <FlaskClient <Flask 'test_auth_routes'>>}

    @wraps(func)
[...]
>       with self.decoration_helper(patched,
                                    args,
                                    keywargs) as (newargs, newkeywargs):

C:\Program Files\WindowsApps\PythonSoftwareFoundation.Python.3.11_3.11.2288.0_x64__qbz5n2kfra8p0\Lib\unittest\mock.py:1372: 
_ _ _ _ _ _ _ _ _ _ _ _ _ _ _ _ _ _ _ _ _ _ _ _ _ _ _ _ _ _ _ _ _ _ _ _ _ _ _ _
C:\Program Files\WindowsApps\PythonSoftwareFoundation.Python.3.11_3.11.2288.0_x64__qbz5n2kfra8p0\Lib\contextlib.py:137: in __enter__
    return next(self.gen)
C:\Program Files\WindowsApps\PythonSoftwareFoundation.Python.3.11_3.11.2288.0_x64__qbz5n2kfra8p0\Lib\unittest\mock.py:1354: in decoration_helper
    arg = exit_stack.enter_context(patching)
C:\Program Files\WindowsApps\PythonSoftwareFoundation.Python.3.11_3.11.2288.0_x64__qbz5n2kfra8p0\Lib\contextlib.py:517: in enter_context
    result = _enter(cm)
C:\Program Files\WindowsApps\PythonSoftwareFoundation.Python.3.11_3.11.2288.0_x64__qbz5n2kfra8p0\Lib\unittest\mock.py:1443: in __enter__
    original, local = self.get_original()
_ _ _ _ _ _ _ _ _ _ _ _ _ _ _ _ _ _ _ _ _ _ _ _ _ _ _ _ _ _ _ _ _ _ _ _ _ _ _ _

self = <unittest.mock._patch object at 0x000001E8AF14A410>

    def get_original(self):
        target = self.getter()
        name = self.attribute
    
        original = DEFAULT
        local = False
    
        try:
            original = target.__dict__[name]
        except (AttributeError, KeyError):
            original = getattr(target, name, DEFAULT)
        else:
            local = True
    
        if name in _builtins and isinstance(target, ModuleType):
            self.create = True
    
        if not self.create and original is DEFAULT:
>           raise AttributeError(
                "%s does not have the attribute %r" % (target, name)
            )
E           AttributeError: <module 'src.services.token_service' from 'C:\\Users\\andre\\projects\\railway-pg-test\\src\\services\\token_service.py'> does not have the attribute 'get_session'

C:\Program Files\WindowsApps\PythonSoftwareFoundation.Python.3.11_3.11.2288.0_x64__qbz5n2kfra8p0\Lib\unittest\mock.py:1416: AttributeError
_____________________ test_login_user_invalid_credentials _____________________

    def test_login_user_invalid_credentials():
        data = {"username": "bad", "password": "bad"}
        with pytest.raises(PermissionError):
>           token_service.login_user(data)
E           AttributeError: module 'src.services.token_service' has no attribute 'login_user'

tests\test_token_service.py:171: AttributeError
_________________________ test_refresh_token_success __________________________

args = (), keywargs = {}

    @wraps(func)
    def patched(*args, **keywargs):
>       with self.decoration_helper(patched,
                                    args,
                                    keywargs) as (newargs, newkeywargs):

C:\Program Files\WindowsApps\PythonSoftwareFoundation.Python.3.11_3.11.2288.0_x64__qbz5n2kfra8p0\Lib\unittest\mock.py:1372: 
_ _ _ _ _ _ _ _ _ _ _ _ _ _ _ _ _ _ _ _ _ _ _ _ _ _ _ _ _ _ _ _ _ _ _ _ _ _ _ _
C:\Program Files\WindowsApps\PythonSoftwareFoundation.Python.3.11_3.11.2288.0_x64__qbz5n2kfra8p0\Lib\contextlib.py:137: in __enter__
    return next(self.gen)
C:\Program Files\WindowsApps\PythonSoftwareFoundation.Python.3.11_3.11.2288.0_x64__qbz5n2kfra8p0\Lib\unittest\mock.py:1354: in decoration_helper
    arg = exit_stack.enter_context(patching)
C:\Program Files\WindowsApps\PythonSoftwareFoundation.Python.3.11_3.11.2288.0_x64__qbz5n2kfra8p0\Lib\contextlib.py:517: in enter_context
    result = _enter(cm)
C:\Program Files\WindowsApps\PythonSoftwareFoundation.Python.3.11_3.11.2288.0_x64__qbz5n2kfra8p0\Lib\unittest\mock.py:1443: in __enter__
    original, local = self.get_original()
_ _ _ _ _ _ _ _ _ _ _ _ _ _ _ _ _ _ _ _ _ _ _ _ _ _ _ _ _ _ _ _ _ _ _ _ _ _ _ _

self = <unittest.mock._patch object at 0x000001E8AF14AA90>

    def get_original(self):
        target = self.getter()
        name = self.attribute
    
        original = DEFAULT
        local = False
    
        try:
            original = target.__dict__[name]
        except (AttributeError, KeyError):
            original = getattr(target, name, DEFAULT)
        else:
            local = True
    
        if name in _builtins and isinstance(target, ModuleType):
            self.create = True
    
        if not self.create and original is DEFAULT:
>           raise AttributeError(
                "%s does not have the attribute %r" % (target, name)
            )
E           AttributeError: <module 'src.services.token_service' from 'C:\\Users\\andre\\projects\\railway-pg-test\\src\\services\\token_service.py'> does not have the attribute 'get_session'

C:\Program Files\WindowsApps\PythonSoftwareFoundation.Python.3.11_3.11.2288.0_x64__qbz5n2kfra8p0\Lib\unittest\mock.py:1416: AttributeError
____________________ test_refresh_token_expired_signature _____________________

args = (), keywargs = {}

    @wraps(func)
    def patched(*args, **keywargs):
>       with self.decoration_helper(patched,
                                    args,
                                    keywargs) as (newargs, newkeywargs):

C:\Program Files\WindowsApps\PythonSoftwareFoundation.Python.3.11_3.11.2288.0_x64__qbz5n2kfra8p0\Lib\unittest\mock.py:1372: 
_ _ _ _ _ _ _ _ _ _ _ _ _ _ _ _ _ _ _ _ _ _ _ _ _ _ _ _ _ _ _ _ _ _ _ _ _ _ _ _
C:\Program Files\WindowsApps\PythonSoftwareFoundation.Python.3.11_3.11.2288.0_x64__qbz5n2kfra8p0\Lib\contextlib.py:137: in __enter__
    return next(self.gen)
C:\Program Files\WindowsApps\PythonSoftwareFoundation.Python.3.11_3.11.2288.0_x64__qbz5n2kfra8p0\Lib\unittest\mock.py:1354: in decoration_helper
    arg = exit_stack.enter_context(patching)
C:\Program Files\WindowsApps\PythonSoftwareFoundation.Python.3.11_3.11.2288.0_x64__qbz5n2kfra8p0\Lib\contextlib.py:517: in enter_context
    result = _enter(cm)
C:\Program Files\WindowsApps\PythonSoftwareFoundation.Python.3.11_3.11.2288.0_x64__qbz5n2kfra8p0\Lib\unittest\mock.py:1427: in __enter__
    self.target = self.getter()
_ _ _ _ _ _ _ _ _ _ _ _ _ _ _ _ _ _ _ _ _ _ _ _ _ _ _ _ _ _ _ _ _ _ _ _ _ _ _ _

name = 'src.services.token_service.jwt'

    def resolve_name(name):
        """
        Resolve a name to an object.
    
        It is expected that `name` will be a string in one of the following
        formats, where W is shorthand for a valid Python identifier and dot stands
        for a literal period in these pseudo-regexes:
    
        W(.W)*
        W(.W)*:(W(.W)*)?
    
        The first form is intended for backward compatibility only. It assumes that
        some part of the dotted name is a package, and the rest is an object
        somewhere within that package, possibly nested inside other objects.
        Because the place where the package stops and the object hierarchy starts
        can't be inferred by inspection, repeated attempts to import must be done
        with this form.
    
        In the second form, the caller makes the division point clear through the
        provision of a single colon: the dotted name to the left of the colon is a
        package to be imported, and the dotted name to the right is the object
        hierarchy within that package. Only one import is needed in this form. If
        it ends with the colon, then a module object is returned.
    
        The function will return an object (which might be a module), or raise one
        of the following exceptions:
    
        ValueError - if `name` isn't in a recognised format
        ImportError - if an import failed when it shouldn't have
        AttributeError - if a failure occurred when traversing the object hierarchy
                         within the imported package to get to the desired object.
        """
        global _NAME_PATTERN
        if _NAME_PATTERN is None:
            # Lazy import to speedup Python startup time
            import re
            dotted_words = r'(?!\d)(\w+)(\.(?!\d)(\w+))*'
            _NAME_PATTERN = re.compile(f'^(?P<pkg>{dotted_words})'
                                       f'(?P<cln>:(?P<obj>{dotted_words})?)?$',
                                       re.UNICODE)
    
        m = _NAME_PATTERN.match(name)
        if not m:
            raise ValueError(f'invalid format: {name!r}')
        gd = m.groupdict()
        if gd.get('cln'):
            # there is a colon - a one-step import is all that's needed
            mod = importlib.import_module(gd['pkg'])
            parts = gd.get('obj')
            parts = parts.split('.') if parts else []
        else:
            # no colon - have to iterate to find the package boundary
            parts = name.split('.')
            modname = parts.pop(0)
            # first part *must* be a module/package.
            mod = importlib.import_module(modname)
            while parts:
                p = parts[0]
                s = f'{modname}.{p}'
                try:
                    mod = importlib.import_module(s)
                    parts.pop(0)
                    modname = s
                except ImportError:
                    break
        # if we reach this point, mod is the module, already imported, and
        # parts is the list of parts in the object hierarchy to be traversed, or
        # an empty list if just the module is wanted.
        result = mod
        for p in parts:
>           result = getattr(result, p)
E           AttributeError: module 'src.services.token_service' has no attribute 'jwt'

C:\Program Files\WindowsApps\PythonSoftwareFoundation.Python.3.11_3.11.2288.0_x64__qbz5n2kfra8p0\Lib\pkgutil.py:715: AttributeError
______________________ test_refresh_token_invalid_token _______________________

args = (), keywargs = {}

    @wraps(func)
    def patched(*args, **keywargs):
>       with self.decoration_helper(patched,
                                    args,
                                    keywargs) as (newargs, newkeywargs):

C:\Program Files\WindowsApps\PythonSoftwareFoundation.Python.3.11_3.11.2288.0_x64__qbz5n2kfra8p0\Lib\unittest\mock.py:1372: 
_ _ _ _ _ _ _ _ _ _ _ _ _ _ _ _ _ _ _ _ _ _ _ _ _ _ _ _ _ _ _ _ _ _ _ _ _ _ _ _
C:\Program Files\WindowsApps\PythonSoftwareFoundation.Python.3.11_3.11.2288.0_x64__qbz5n2kfra8p0\Lib\contextlib.py:137: in __enter__
    return next(self.gen)
C:\Program Files\WindowsApps\PythonSoftwareFoundation.Python.3.11_3.11.2288.0_x64__qbz5n2kfra8p0\Lib\unittest\mock.py:1354: in decoration_helper
    arg = exit_stack.enter_context(patching)
C:\Program Files\WindowsApps\PythonSoftwareFoundation.Python.3.11_3.11.2288.0_x64__qbz5n2kfra8p0\Lib\contextlib.py:517: in enter_context
    result = _enter(cm)
C:\Program Files\WindowsApps\PythonSoftwareFoundation.Python.3.11_3.11.2288.0_x64__qbz5n2kfra8p0\Lib\unittest\mock.py:1427: in __enter__
    self.target = self.getter()
_ _ _ _ _ _ _ _ _ _ _ _ _ _ _ _ _ _ _ _ _ _ _ _ _ _ _ _ _ _ _ _ _ _ _ _ _ _ _ _

name = 'src.services.token_service.jwt'

    def resolve_name(name):
        """
        Resolve a name to an object.
    
        It is expected that `name` will be a string in one of the following
        formats, where W is shorthand for a valid Python identifier and dot stands
        for a literal period in these pseudo-regexes:
    
        W(.W)*
        W(.W)*:(W(.W)*)?
    
        The first form is intended for backward compatibility only. It assumes that
        some part of the dotted name is a package, and the rest is an object
        somewhere within that package, possibly nested inside other objects.
        Because the place where the package stops and the object hierarchy starts
        can't be inferred by inspection, repeated attempts to import must be done
        with this form.
    
        In the second form, the caller makes the division point clear through the
        provision of a single colon: the dotted name to the left of the colon is a
        package to be imported, and the dotted name to the right is the object
        hierarchy within that package. Only one import is needed in this form. If
        it ends with the colon, then a module object is returned.
    
        The function will return an object (which might be a module), or raise one
        of the following exceptions:
    
        ValueError - if `name` isn't in a recognised format
        ImportError - if an import failed when it shouldn't have
        AttributeError - if a failure occurred when traversing the object hierarchy
                         within the imported package to get to the desired object.
        """
        global _NAME_PATTERN
        if _NAME_PATTERN is None:
            # Lazy import to speedup Python startup time
            import re
            dotted_words = r'(?!\d)(\w+)(\.(?!\d)(\w+))*'
            _NAME_PATTERN = re.compile(f'^(?P<pkg>{dotted_words})'
                                       f'(?P<cln>:(?P<obj>{dotted_words})?)?$',
                                       re.UNICODE)
    
        m = _NAME_PATTERN.match(name)
        if not m:
            raise ValueError(f'invalid format: {name!r}')
        gd = m.groupdict()
        if gd.get('cln'):
            # there is a colon - a one-step import is all that's needed
            mod = importlib.import_module(gd['pkg'])
            parts = gd.get('obj')
            parts = parts.split('.') if parts else []
        else:
            # no colon - have to iterate to find the package boundary
            parts = name.split('.')
            modname = parts.pop(0)
            # first part *must* be a module/package.
            mod = importlib.import_module(modname)
            while parts:
                p = parts[0]
                s = f'{modname}.{p}'
                try:
                    mod = importlib.import_module(s)
                    parts.pop(0)
                    modname = s
                except ImportError:
                    break
        # if we reach this point, mod is the module, already imported, and
        # parts is the list of parts in the object hierarchy to be traversed, or
        # an empty list if just the module is wanted.
        result = mod
        for p in parts:
>           result = getattr(result, p)
E           AttributeError: module 'src.services.token_service' has no attribute 'jwt'

C:\Program Files\WindowsApps\PythonSoftwareFoundation.Python.3.11_3.11.2288.0_x64__qbz5n2kfra8p0\Lib\pkgutil.py:715: AttributeError
_________________________ test_delete_athlete_tokens __________________________

args = (), keywargs = {}

    @wraps(func)
    def patched(*args, **keywargs):
>       with self.decoration_helper(patched,
                                    args,
                                    keywargs) as (newargs, newkeywargs):

C:\Program Files\WindowsApps\PythonSoftwareFoundation.Python.3.11_3.11.2288.0_x64__qbz5n2kfra8p0\Lib\unittest\mock.py:1372: 
_ _ _ _ _ _ _ _ _ _ _ _ _ _ _ _ _ _ _ _ _ _ _ _ _ _ _ _ _ _ _ _ _ _ _ _ _ _ _ _
C:\Program Files\WindowsApps\PythonSoftwareFoundation.Python.3.11_3.11.2288.0_x64__qbz5n2kfra8p0\Lib\contextlib.py:137: in __enter__
    return next(self.gen)
C:\Program Files\WindowsApps\PythonSoftwareFoundation.Python.3.11_3.11.2288.0_x64__qbz5n2kfra8p0\Lib\unittest\mock.py:1354: in decoration_helper
    arg = exit_stack.enter_context(patching)
C:\Program Files\WindowsApps\PythonSoftwareFoundation.Python.3.11_3.11.2288.0_x64__qbz5n2kfra8p0\Lib\contextlib.py:517: in enter_context
    result = _enter(cm)
C:\Program Files\WindowsApps\PythonSoftwareFoundation.Python.3.11_3.11.2288.0_x64__qbz5n2kfra8p0\Lib\unittest\mock.py:1443: in __enter__
    original, local = self.get_original()
_ _ _ _ _ _ _ _ _ _ _ _ _ _ _ _ _ _ _ _ _ _ _ _ _ _ _ _ _ _ _ _ _ _ _ _ _ _ _ _

self = <unittest.mock._patch object at 0x000001E8AF14B210>

    def get_original(self):
        target = self.getter()
        name = self.attribute
    
        original = DEFAULT
        local = False
    
        try:
            original = target.__dict__[name]
        except (AttributeError, KeyError):
            original = getattr(target, name, DEFAULT)
        else:
            local = True
    
        if name in _builtins and isinstance(target, ModuleType):
            self.create = True
    
        if not self.create and original is DEFAULT:
>           raise AttributeError(
                "%s does not have the attribute %r" % (target, name)
            )
E           AttributeError: <module 'src.services.token_service' from 'C:\\Users\\andre\\projects\\railway-pg-test\\src\\services\\token_service.py'> does not have the attribute 'delete_tokens_sa'

C:\Program Files\WindowsApps\PythonSoftwareFoundation.Python.3.11_3.11.2288.0_x64__qbz5n2kfra8p0\Lib\unittest\mock.py:1416: AttributeError
____________________________ test_logout_user_noop ____________________________

    def test_logout_user_noop():
        # Function is empty, so just call to ensure no error
>       token_service.logout_user("token")
E       AttributeError: module 'src.services.token_service' has no attribute 'logout_user'

tests\test_token_service.py:211: AttributeError
=========================== short test summary info ===========================
FAILED tests/test_activity_dao.py::test_get_by_id_returns_activity - Attribut...
FAILED tests/test_activity_dao.py::test_get_by_id_returns_none - AttributeErr...
FAILED tests/test_activity_dao.py::test_upsert_activities_multiple_activities
FAILED tests/test_auth.py::test_login_refresh_logout - assert 401 == 200
FAILED tests/test_auth_routes.py::test_strava_login_redirect - AttributeError...
FAILED tests/test_auth_routes.py::test_callback_success - AttributeError: <mo...
FAILED tests/test_auth_routes.py::test_callback_exception - AttributeError: <...
FAILED tests/test_ingestion_orchestrator.py::test_ingest_between_dates_success
FAILED tests/test_ingestion_orchestrator.py::test_ingest_between_dates_enrichment_failure
FAILED tests/test_main_pipeline.py::test_main_pipeline_calls_full_ingestion
FAILED tests/test_oauth_flow.py::test_oauth_callback_strava_http_error - asse...
FAILED tests/test_oauth_flow.py::test_oauth_callback_missing_env - assert 500...
FAILED tests/test_splits.py::test_upsert_inserts_and_updates - sqlalchemy.exc...
FAILED tests/test_splits.py::test_unique_constraint - sqlalchemy.exc.Operatio...
FAILED tests/test_sync.py::test_sync_success - assert 401 == 200
FAILED tests/test_token_service.py::test_exchange_code_for_token_success - At...
FAILED tests/test_token_service.py::test_refresh_token_if_expired_true - Type...
FAILED tests/test_token_service.py::test_refresh_token_if_expired_false - Typ...
FAILED tests/test_token_service.py::test_refresh_token_if_expired_no_tokens
FAILED tests/test_token_service.py::test_get_authorization_url_valid - Attrib...
FAILED tests/test_token_service.py::test_store_tokens_from_callback - Attribu...
FAILED tests/test_token_service.py::test_login_user_success - AttributeError:...
FAILED tests/test_token_service.py::test_login_user_invalid_credentials - Att...
FAILED tests/test_token_service.py::test_refresh_token_success - AttributeErr...
FAILED tests/test_token_service.py::test_refresh_token_expired_signature - At...
FAILED tests/test_token_service.py::test_refresh_token_invalid_token - Attrib...
FAILED tests/test_token_service.py::test_delete_athlete_tokens - AttributeErr...
FAILED tests/test_token_service.py::test_logout_user_noop - AttributeError: m...
ERROR tests/test_athlete_dao.py::test_insert_and_get_athlete - sqlalchemy.exc...
ERROR tests/test_enrichment_with_splits.py::test_enrich_one_activity_with_splits
ERROR tests/test_full_ingestion_flow.py::test_run_full_ingestion_flow - sqlal...
ERROR tests/test_integration_ingestion.py::test_ingest_specific_activity_integration
ERROR tests/test_split_dao.py::test_upsert_splits_basic - sqlalchemy.exc.Oper...
ERROR tests/test_split_upsert_idempotency.py::test_upsert_splits_idempotency
================== 28 failed, 73 passed, 6 errors in 40.94s ===================
